#! /usr/bin/vvp
:ivl_version "11.0 (stable)";
:ivl_delay_selection "TYPICAL";
:vpi_time_precision + 0;
:vpi_module "/usr/lib/x86_64-linux-gnu/ivl/system.vpi";
:vpi_module "/usr/lib/x86_64-linux-gnu/ivl/vhdl_sys.vpi";
:vpi_module "/usr/lib/x86_64-linux-gnu/ivl/vhdl_textio.vpi";
:vpi_module "/usr/lib/x86_64-linux-gnu/ivl/v2005_math.vpi";
:vpi_module "/usr/lib/x86_64-linux-gnu/ivl/va_math.vpi";
S_0x55b65f48d260 .scope module, "uart_tb" "uart_tb" 2 1;
 .timescale 0 0;
v0x55b65f4bbe70_0 .var "clk", 0 0;
v0x55b65f4bbf30_0 .var "data", 7 0;
v0x55b65f4bbfd0_0 .var "reset", 0 0;
v0x55b65f4bc070_0 .var "start", 0 0;
v0x55b65f4bc110_0 .net "tx", 0 0, v0x55b65f4bb8f0_0;  1 drivers
v0x55b65f4bc1b0_0 .net "tx_busy", 0 0, v0x55b65f4bb9d0_0;  1 drivers
v0x55b65f4bc280_0 .net "tx_done", 0 0, v0x55b65f4bbbb0_0;  1 drivers
S_0x55b65f4323a0 .scope module, "uut" "uart_tx" 2 7, 3 5 0, S_0x55b65f48d260;
 .timescale 0 0;
    .port_info 0 /INPUT 1 "clk";
    .port_info 1 /INPUT 1 "reset";
    .port_info 2 /INPUT 1 "start";
    .port_info 3 /INPUT 8 "data";
    .port_info 4 /OUTPUT 1 "tx_busy";
    .port_info 5 /OUTPUT 1 "tx_done";
    .port_info 6 /OUTPUT 1 "tx";
L_0x55b65f486bb0 .functor OR 1, L_0x55b65f4d7a00, L_0x55b65f4d0f80, C4<0>, C4<0>;
L_0x55b65f485e70 .functor NOT 1, L_0x55b65f486bb0, C4<0>, C4<0>, C4<0>;
L_0x55b65f4878f0 .functor AND 1, L_0x55b65f4bc3e0, L_0x55b65f485e70, C4<1>, C4<1>;
L_0x55b65f488630 .functor NOT 1, L_0x55b65f4878f0, C4<0>, C4<0>, C4<0>;
L_0x55b65f489370 .functor AND 1, L_0x55b65f4d8670, L_0x55b65f488630, C4<1>, C4<1>;
L_0x55b65f48a0b0 .functor OR 1, L_0x55b65f4d4420, L_0x55b65f4d2b30, C4<0>, C4<0>;
L_0x55b65f48adf0 .functor NOT 1, L_0x55b65f48a0b0, C4<0>, C4<0>, C4<0>;
L_0x55b65f4bc770 .functor AND 1, L_0x55b65f4d4060, L_0x55b65f48adf0, C4<1>, C4<1>;
L_0x55b65f4bc980 .functor NOT 1, L_0x55b65f4bc8b0, C4<0>, C4<0>, C4<0>;
L_0x55b65f4bca70 .functor AND 1, L_0x55b65f4d7a00, L_0x55b65f4bc980, C4<1>, C4<1>;
L_0x55b65f4bcd50 .functor XOR 1, L_0x55b65f4bcbe0, L_0x55b65f4bcc80, C4<0>, C4<0>;
L_0x55b65f4bce60 .functor NOT 1, L_0x55b65f4bcd50, C4<0>, C4<0>, C4<0>;
L_0x55b65f4bcf90 .functor NOT 1, L_0x55b65f4bce60, C4<0>, C4<0>, C4<0>;
L_0x55b65f4bd050 .functor AND 1, L_0x55b65f4d7a00, L_0x55b65f4bcf90, C4<1>, C4<1>;
L_0x55b65f4bcf20 .functor AND 1, L_0x55b65f4bd190, L_0x55b65f4bd230, C4<1>, C4<1>;
L_0x55b65f4bd400 .functor XOR 1, L_0x55b65f4bcf20, L_0x55b65f4bd360, C4<0>, C4<0>;
L_0x55b65f4bd5a0 .functor NOT 1, L_0x55b65f4bd400, C4<0>, C4<0>, C4<0>;
L_0x55b65f4bd660 .functor NOT 1, L_0x55b65f4bd5a0, C4<0>, C4<0>, C4<0>;
L_0x55b65f4bd7c0 .functor AND 1, L_0x55b65f4d7a00, L_0x55b65f4bd660, C4<1>, C4<1>;
L_0x55b65f4bd920 .functor AND 1, L_0x55b65f4bcf20, L_0x55b65f4bd830, C4<1>, C4<1>;
L_0x55b65f4bda90 .functor NOT 1, L_0x55b65f4bd920, C4<0>, C4<0>, C4<0>;
L_0x55b65f4bdb50 .functor XOR 1, L_0x55b65f4bda90, L_0x55b65f4bd720, C4<0>, C4<0>;
L_0x55b65f4bdd50 .functor NOT 1, L_0x55b65f4bdb50, C4<0>, C4<0>, C4<0>;
L_0x55b65f4bde10 .functor AND 1, L_0x55b65f4d7a00, L_0x55b65f4bdd50, C4<1>, C4<1>;
L_0x55b65f4be140 .functor AND 1, L_0x55b65f4bdfa0, L_0x55b65f4be0a0, C4<1>, C4<1>;
L_0x55b65f4be230 .functor NOT 1, L_0x55b65f4be140, C4<0>, C4<0>, C4<0>;
L_0x55b65f4be3d0 .functor NOT 1, L_0x55b65f4be230, C4<0>, C4<0>, C4<0>;
L_0x55b65f4be490 .functor AND 1, L_0x55b65f4bcf20, L_0x55b65f4be3d0, C4<1>, C4<1>;
L_0x55b65f4be700 .functor XOR 1, L_0x55b65f4be490, L_0x55b65f4be5f0, C4<0>, C4<0>;
L_0x55b65f4be810 .functor NOT 1, L_0x55b65f4be700, C4<0>, C4<0>, C4<0>;
L_0x55b65f4be9d0 .functor NOT 1, L_0x55b65f4be810, C4<0>, C4<0>, C4<0>;
L_0x55b65f4bea90 .functor AND 1, L_0x55b65f4d7a00, L_0x55b65f4be9d0, C4<1>, C4<1>;
L_0x55b65f4bed00 .functor AND 1, L_0x55b65f4be490, L_0x55b65f4bec60, C4<1>, C4<1>;
L_0x55b65f4bedc0 .functor NOT 1, L_0x55b65f4bed00, C4<0>, C4<0>, C4<0>;
L_0x55b65f4be690 .functor XOR 1, L_0x55b65f4bedc0, L_0x55b65f4befa0, C4<0>, C4<0>;
L_0x55b65f4bf190 .functor NOT 1, L_0x55b65f4be690, C4<0>, C4<0>, C4<0>;
L_0x55b65f4bee80 .functor AND 1, L_0x55b65f4d7a00, L_0x55b65f4bf190, C4<1>, C4<1>;
L_0x55b65f4bf550 .functor AND 1, L_0x55b65f4bf380, L_0x55b65f4bf420, C4<1>, C4<1>;
L_0x55b65f4bf7a0 .functor NOT 1, L_0x55b65f4bf550, C4<0>, C4<0>, C4<0>;
L_0x55b65f4bf860 .functor NOT 1, L_0x55b65f4bf7a0, C4<0>, C4<0>, C4<0>;
L_0x55b65f4bfa70 .functor AND 1, L_0x55b65f4be490, L_0x55b65f4bf860, C4<1>, C4<1>;
L_0x55b65f4bfb80 .functor XOR 1, L_0x55b65f4bfa70, L_0x55b65f4bfae0, C4<0>, C4<0>;
L_0x55b65f4bfdf0 .functor NOT 1, L_0x55b65f4bfb80, C4<0>, C4<0>, C4<0>;
L_0x55b65f4bfeb0 .functor NOT 1, L_0x55b65f4bfdf0, C4<0>, C4<0>, C4<0>;
L_0x55b65f4c00e0 .functor AND 1, L_0x55b65f4d7a00, L_0x55b65f4bfeb0, C4<1>, C4<1>;
L_0x55b65f4c02e0 .functor AND 1, L_0x55b65f4bfa70, L_0x55b65f4c01a0, C4<1>, C4<1>;
L_0x55b65f4c0520 .functor NOT 1, L_0x55b65f4c02e0, C4<0>, C4<0>, C4<0>;
L_0x55b65f4c0680 .functor XOR 1, L_0x55b65f4c0520, L_0x55b65f4c05e0, C4<0>, C4<0>;
L_0x55b65f4c0920 .functor NOT 1, L_0x55b65f4c0680, C4<0>, C4<0>, C4<0>;
L_0x55b65f4c09e0 .functor AND 1, L_0x55b65f4d7a00, L_0x55b65f4c0920, C4<1>, C4<1>;
L_0x55b65f4c0d90 .functor AND 1, L_0x55b65f4c0c40, L_0x55b65f4c0240, C4<1>, C4<1>;
L_0x55b65f4c0ed0 .functor NOT 1, L_0x55b65f4c0d90, C4<0>, C4<0>, C4<0>;
L_0x55b65f4c1140 .functor OR 1, L_0x55b65f4c0ed0, L_0x55b65f4bf7a0, C4<0>, C4<0>;
L_0x55b65f4c1200 .functor NOT 1, L_0x55b65f4c1140, C4<0>, C4<0>, C4<0>;
L_0x55b65f4c1480 .functor AND 1, L_0x55b65f4be490, L_0x55b65f4c1200, C4<1>, C4<1>;
L_0x55b65f4c16a0 .functor XOR 1, L_0x55b65f4c1480, L_0x55b65f4c1540, C4<0>, C4<0>;
L_0x55b65f4c1980 .functor NOT 1, L_0x55b65f4c16a0, C4<0>, C4<0>, C4<0>;
L_0x55b65f4c1a40 .functor NOT 1, L_0x55b65f4c1980, C4<0>, C4<0>, C4<0>;
L_0x55b65f4c1ce0 .functor AND 1, L_0x55b65f4d7a00, L_0x55b65f4c1a40, C4<1>, C4<1>;
L_0x55b65f4c1e40 .functor AND 1, L_0x55b65f4c1480, L_0x55b65f4c1da0, C4<1>, C4<1>;
L_0x55b65f4c20f0 .functor NOT 1, L_0x55b65f4c1e40, C4<0>, C4<0>, C4<0>;
L_0x55b65f4c2320 .functor XOR 1, L_0x55b65f4c20f0, L_0x55b65f4c21b0, C4<0>, C4<0>;
L_0x55b65f4c2660 .functor NOT 1, L_0x55b65f4c2320, C4<0>, C4<0>, C4<0>;
L_0x55b65f4c2720 .functor AND 1, L_0x55b65f4d7a00, L_0x55b65f4c2660, C4<1>, C4<1>;
L_0x55b65f4c2c10 .functor AND 1, L_0x55b65f4c29f0, L_0x55b65f4c2a90, C4<1>, C4<1>;
L_0x55b65f4c2d50 .functor NOT 1, L_0x55b65f4c2c10, C4<0>, C4<0>, C4<0>;
L_0x55b65f4c3030 .functor NOT 1, L_0x55b65f4c1480, C4<0>, C4<0>, C4<0>;
L_0x55b65f4c30a0 .functor OR 1, L_0x55b65f4c2d50, L_0x55b65f4c3030, C4<0>, C4<0>;
L_0x55b65f4c3430 .functor XOR 1, L_0x55b65f4c30a0, L_0x55b65f4c3390, C4<0>, C4<0>;
L_0x55b65f4c3540 .functor NOT 1, L_0x55b65f4c3430, C4<0>, C4<0>, C4<0>;
L_0x55b65f4c3840 .functor AND 1, L_0x55b65f4d7a00, L_0x55b65f4c3540, C4<1>, C4<1>;
L_0x55b65f4c3a90 .functor NOT 1, L_0x55b65f4c3900, C4<0>, C4<0>, C4<0>;
L_0x55b65f4c3da0 .functor OR 1, L_0x55b65f4c30a0, L_0x55b65f4c3a90, C4<0>, C4<0>;
L_0x55b65f4c3f00 .functor XOR 1, L_0x55b65f4c3da0, L_0x55b65f4c3e60, C4<0>, C4<0>;
L_0x55b65f4c42a0 .functor NOT 1, L_0x55b65f4c3f00, C4<0>, C4<0>, C4<0>;
L_0x55b65f4c4360 .functor AND 1, L_0x55b65f4d7a00, L_0x55b65f4c42a0, C4<1>, C4<1>;
L_0x55b65f4c48d0 .functor AND 1, L_0x55b65f4c4690, L_0x55b65f4c4830, C4<1>, C4<1>;
L_0x55b65f4c4a10 .functor NOT 1, L_0x55b65f4c48d0, C4<0>, C4<0>, C4<0>;
L_0x55b65f4c4d50 .functor OR 1, L_0x55b65f4c4a10, L_0x55b65f4c2d50, C4<0>, C4<0>;
L_0x55b65f4c4e10 .functor NOT 1, L_0x55b65f4c4d50, C4<0>, C4<0>, C4<0>;
L_0x55b65f4c5160 .functor AND 1, L_0x55b65f4c1480, L_0x55b65f4c4e10, C4<1>, C4<1>;
L_0x55b65f4c5220 .functor XOR 1, L_0x55b65f4c5160, L_0x55b65f4d6830, C4<0>, C4<0>;
L_0x55b65f4c5af0 .functor NOT 1, L_0x55b65f4c5220, C4<0>, C4<0>, C4<0>;
L_0x55b65f4c5bb0 .functor AND 1, L_0x55b65f4d7a00, L_0x55b65f4c5af0, C4<1>, C4<1>;
L_0x55b65f4c6220 .functor NOT 1, L_0x55b65f4c6060, C4<0>, C4<0>, C4<0>;
L_0x55b65f4c62e0 .functor AND 1, L_0x55b65f4c5f70, L_0x55b65f4c6220, C4<1>, C4<1>;
L_0x55b65f4c6100 .functor XOR 1, L_0x55b65f4c66b0, L_0x55b65f4c67a0, C4<0>, C4<0>;
L_0x55b65f4c6970 .functor NOT 1, L_0x55b65f4c6100, C4<0>, C4<0>, C4<0>;
L_0x55b65f4c6da0 .functor NOT 1, L_0x55b65f4c6970, C4<0>, C4<0>, C4<0>;
L_0x55b65f4c6e60 .functor AND 1, L_0x55b65f4c6d00, L_0x55b65f4c6da0, C4<1>, C4<1>;
L_0x55b65f4c7430 .functor NOT 1, L_0x55b65f4c7250, C4<0>, C4<0>, C4<0>;
L_0x55b65f4c74a0 .functor XOR 1, L_0x55b65f4d14b0, L_0x55b65f4c7430, C4<0>, C4<0>;
L_0x55b65f4c7980 .functor NOT 1, L_0x55b65f4c74a0, C4<0>, C4<0>, C4<0>;
L_0x55b65f4c79f0 .functor AND 1, L_0x55b65f4c7850, L_0x55b65f4c7980, C4<1>, C4<1>;
L_0x55b65f4c7ff0 .functor AND 1, L_0x55b65f4d14b0, L_0x55b65f4c7e00, C4<1>, C4<1>;
L_0x55b65f4c8100 .functor NOT 1, L_0x55b65f4c7ff0, C4<0>, C4<0>, C4<0>;
L_0x55b65f4c8570 .functor XOR 1, L_0x55b65f4c8100, L_0x55b65f4c84d0, C4<0>, C4<0>;
L_0x55b65f4c8a10 .functor NOT 1, L_0x55b65f4c8570, C4<0>, C4<0>, C4<0>;
L_0x55b65f4c8df0 .functor AND 1, L_0x55b65f4c8970, L_0x55b65f4c8a10, C4<1>, C4<1>;
L_0x55b65f4cb6e0 .functor NOT 1, L_0x55b65f4d8290, C4<0>, C4<0>, C4<0>;
L_0x55b65f4cba80 .functor AND 1, L_0x55b65f4cb550, L_0x55b65f4cb6e0, C4<1>, C4<1>;
L_0x55b65f4cbb90 .functor OR 1, L_0x55b65f4cba80, L_0x55b65f4d4060, C4<0>, C4<0>;
L_0x55b65f4cbfe0 .functor NOT 1, L_0x55b65f4d4060, C4<0>, C4<0>, C4<0>;
L_0x55b65f4cc050 .functor AND 1, L_0x55b65f4d8290, L_0x55b65f4cbfe0, C4<1>, C4<1>;
L_0x55b65f4cc4b0 .functor NOT 1, L_0x55b65f4cc050, C4<0>, C4<0>, C4<0>;
L_0x55b65f4cc570 .functor AND 1, L_0x55b65f4cbb90, L_0x55b65f4cc4b0, C4<1>, C4<1>;
L_0x55b65f4ccca0 .functor NOT 1, L_0x55b65f4cc9e0, C4<0>, C4<0>, C4<0>;
L_0x55b65f4cd0d0 .functor OR 1, L_0x55b65f4ccd60, L_0x55b65f4cce00, C4<0>, C4<0>;
L_0x55b65f4cd550 .functor NOT 1, L_0x55b65f4cd0d0, C4<0>, C4<0>, C4<0>;
L_0x55b65f4cd990 .functor OR 1, L_0x55b65f4cd610, L_0x55b65f4cd6b0, C4<0>, C4<0>;
L_0x55b65f4cde20 .functor NOT 1, L_0x55b65f4cd990, C4<0>, C4<0>, C4<0>;
L_0x55b65f4cdee0 .functor AND 1, L_0x55b65f4cd550, L_0x55b65f4cde20, C4<1>, C4<1>;
L_0x55b65f4ce710 .functor OR 1, L_0x55b65f4ce380, L_0x55b65f4ce420, C4<0>, C4<0>;
L_0x55b65f4cebc0 .functor OR 1, L_0x55b65f4ce820, L_0x55b65f4ce8c0, C4<0>, C4<0>;
L_0x55b65f4cf070 .functor OR 1, L_0x55b65f4cebc0, L_0x55b65f4ce710, C4<0>, C4<0>;
L_0x55b65f4cf180 .functor NOT 1, L_0x55b65f4cf070, C4<0>, C4<0>, C4<0>;
L_0x55b65f4cf5f0 .functor AND 1, L_0x55b65f4cdee0, L_0x55b65f4cf180, C4<1>, C4<1>;
L_0x55b65f4cfab0 .functor OR 1, L_0x55b65f4cf700, L_0x55b65f4cf7a0, C4<0>, C4<0>;
L_0x55b65f4d0340 .functor OR 1, L_0x55b65f4cff80, L_0x55b65f4d0020, C4<0>, C4<0>;
L_0x55b65f4d0450 .functor OR 1, L_0x55b65f4d0340, L_0x55b65f4cfab0, C4<0>, C4<0>;
L_0x55b65f4d09d0 .functor OR 1, L_0x55b65f4d0450, L_0x55b65f4d0930, C4<0>, C4<0>;
L_0x55b65f4d0ae0 .functor NOT 1, L_0x55b65f4d09d0, C4<0>, C4<0>, C4<0>;
L_0x55b65f4d0f80 .functor AND 1, L_0x55b65f4cf5f0, L_0x55b65f4d0ae0, C4<1>, C4<1>;
L_0x55b65f4d14b0 .functor AND 1, L_0x55b65f4d10e0, L_0x55b65f4d1410, C4<1>, C4<1>;
L_0x55b65f4d1d90 .functor NOT 1, L_0x55b65f4d1cf0, C4<0>, C4<0>, C4<0>;
L_0x55b65f4d1e50 .functor OR 1, L_0x55b65f4d19b0, L_0x55b65f4d1d90, C4<0>, C4<0>;
L_0x55b65f4d2360 .functor NOT 1, L_0x55b65f4d1e50, C4<0>, C4<0>, C4<0>;
L_0x55b65f4d2420 .functor AND 1, L_0x55b65f4d14b0, L_0x55b65f4d2360, C4<1>, C4<1>;
L_0x55b65f4d28a0 .functor AND 1, L_0x55b65f4d2420, L_0x55b65f4d0f80, C4<1>, C4<1>;
L_0x55b65f4d2960 .functor NOT 1, L_0x55b65f4d28a0, C4<0>, C4<0>, C4<0>;
L_0x55b65f4d3190 .functor NOT 1, L_0x55b65f4d2960, C4<0>, C4<0>, C4<0>;
L_0x55b65f4d3250 .functor AND 1, L_0x55b65f4d2e40, L_0x55b65f4d3190, C4<1>, C4<1>;
L_0x55b65f4d2ac0 .functor NOT 1, L_0x55b65f4d0f80, C4<0>, C4<0>, C4<0>;
L_0x55b65f4d2b30 .functor AND 1, L_0x55b65f4d2a20, L_0x55b65f4d2ac0, C4<1>, C4<1>;
L_0x55b65f4d2c40 .functor OR 1, L_0x55b65f4d2b30, L_0x55b65f4d3250, C4<0>, C4<0>;
L_0x55b65f4d3a60 .functor OR 1, L_0x55b65f4d2d00, L_0x55b65f4d2da0, C4<0>, C4<0>;
L_0x55b65f4d3360 .functor NOT 1, L_0x55b65f4d3a60, C4<0>, C4<0>, C4<0>;
L_0x55b65f4d4060 .functor OR 1, L_0x55b65f4d3420, L_0x55b65f4d3fc0, C4<0>, C4<0>;
L_0x55b65f4d3b70 .functor NOT 1, L_0x55b65f4d3360, C4<0>, C4<0>, C4<0>;
L_0x55b65f4d3c30 .functor OR 1, L_0x55b65f4d4060, L_0x55b65f4d3b70, C4<0>, C4<0>;
L_0x55b65f4d3cf0 .functor NOT 1, v0x55b65f4bbfd0_0, C4<0>, C4<0>, C4<0>;
L_0x55b65f4d3db0 .functor AND 1, L_0x55b65f4d3c30, L_0x55b65f4d3cf0, C4<1>, C4<1>;
L_0x55b65f4d46d0 .functor OR 1, L_0x55b65f4d3ec0, L_0x55b65f4d4630, C4<0>, C4<0>;
L_0x55b65f4d5000 .functor NOT 1, L_0x55b65f4d0f80, C4<0>, C4<0>, C4<0>;
L_0x55b65f4d41b0 .functor AND 1, L_0x55b65f4d4c60, L_0x55b65f4d5000, C4<1>, C4<1>;
L_0x55b65f4d4360 .functor NOT 1, v0x55b65f4bc070_0, C4<0>, C4<0>, C4<0>;
L_0x55b65f4d4420 .functor AND 1, L_0x55b65f4d42c0, L_0x55b65f4d4360, C4<1>, C4<1>;
L_0x55b65f4d4580 .functor OR 1, L_0x55b65f4d4420, L_0x55b65f4d41b0, C4<0>, C4<0>;
L_0x55b65f4d5070 .functor NOT 1, L_0x55b65f4d4580, C4<0>, C4<0>, C4<0>;
L_0x55b65f4d5130 .functor AND 1, L_0x55b65f4d4b20, L_0x55b65f4d5070, C4<1>, C4<1>;
L_0x55b65f4d5240 .functor NOT 1, L_0x55b65f4ccca0, C4<0>, C4<0>, C4<0>;
L_0x55b65f4d5300 .functor AND 1, L_0x55b65f4d0f80, L_0x55b65f4d5240, C4<1>, C4<1>;
L_0x55b65f4d53c0 .functor OR 1, L_0x55b65f4d5300, L_0x55b65f4d4420, C4<0>, C4<0>;
L_0x55b65f4d5de0 .functor AND 1, v0x55b65f4bc070_0, L_0x55b65f4d5a30, C4<1>, C4<1>;
L_0x55b65f4d5560 .functor NOT 1, v0x55b65f4bbfd0_0, C4<0>, C4<0>, C4<0>;
L_0x55b65f4d55d0 .functor AND 1, L_0x55b65f4d5de0, L_0x55b65f4d5560, C4<1>, C4<1>;
L_0x55b65f4d56e0 .functor NOT 1, L_0x55b65f4d0f80, C4<0>, C4<0>, C4<0>;
L_0x55b65f4d5750 .functor OR 1, L_0x55b65f4d2420, L_0x55b65f4d56e0, C4<0>, C4<0>;
L_0x55b65f4d58b0 .functor NOT 1, L_0x55b65f4d5750, C4<0>, C4<0>, C4<0>;
L_0x55b65f4d5970 .functor AND 1, L_0x55b65f4d5810, L_0x55b65f4d58b0, C4<1>, C4<1>;
L_0x55b65f4d5e50 .functor OR 1, L_0x55b65f4d5970, L_0x55b65f4d41b0, C4<0>, C4<0>;
L_0x55b65f4d62d0 .functor AND 1, L_0x55b65f4d0f80, L_0x55b65f4d5f10, C4<1>, C4<1>;
L_0x55b65f4d63a0 .functor OR 1, L_0x55b65f4d62d0, L_0x55b65f4d5e50, C4<0>, C4<0>;
L_0x55b65f4d6550 .functor NOT 1, L_0x55b65f4d0f80, C4<0>, C4<0>, C4<0>;
L_0x55b65f4d65c0 .functor AND 1, L_0x55b65f4d64b0, L_0x55b65f4d6550, C4<1>, C4<1>;
L_0x55b65f4d66d0 .functor OR 1, L_0x55b65f4d65c0, L_0x55b65f4d5de0, C4<0>, C4<0>;
L_0x55b65f4d6830 .functor NOT 1, L_0x55b65f4d6790, C4<0>, C4<0>, C4<0>;
L_0x55b65f4d7690 .functor NOT 1, L_0x55b65f4d72b0, C4<0>, C4<0>, C4<0>;
L_0x55b65f4d6900 .functor OR 1, L_0x55b65f4d7210, L_0x55b65f4d7690, C4<0>, C4<0>;
L_0x55b65f4d6a10 .functor OR 1, L_0x55b65f4d6900, L_0x55b65f4cebc0, C4<0>, C4<0>;
L_0x55b65f4d6ad0 .functor NOT 1, L_0x55b65f4d6a10, C4<0>, C4<0>, C4<0>;
L_0x55b65f4d6b90 .functor AND 1, L_0x55b65f4cdee0, L_0x55b65f4d6ad0, C4<1>, C4<1>;
L_0x55b65f4d6c50 .functor NOT 1, L_0x55b65f4d6b90, C4<0>, C4<0>, C4<0>;
L_0x55b65f4d6d10 .functor AND 1, L_0x55b65f4cf070, L_0x55b65f4d6c50, C4<1>, C4<1>;
L_0x55b65f4d6dd0 .functor OR 1, L_0x55b65f4d6d10, L_0x55b65f4d0450, C4<0>, C4<0>;
L_0x55b65f4d7d20 .functor NOT 1, L_0x55b65f4d6dd0, C4<0>, C4<0>, C4<0>;
L_0x55b65f4d7750 .functor AND 1, L_0x55b65f4d6830, L_0x55b65f4d7d20, C4<1>, C4<1>;
L_0x55b65f4d7810 .functor NOT 1, L_0x55b65f4d09d0, C4<0>, C4<0>, C4<0>;
L_0x55b65f4d7880 .functor AND 1, L_0x55b65f4d6b90, L_0x55b65f4d7810, C4<1>, C4<1>;
L_0x55b65f4d7940 .functor NOT 1, L_0x55b65f4d7880, C4<0>, C4<0>, C4<0>;
L_0x55b65f4d7a00 .functor AND 1, L_0x55b65f4d7750, L_0x55b65f4d7940, C4<1>, C4<1>;
L_0x55b65f4d7b10 .functor OR 1, L_0x55b65f4d7a00, v0x55b65f4bc070_0, C4<0>, C4<0>;
L_0x55b65f4d7b80 .functor NOT 1, L_0x55b65f4d7b10, C4<0>, C4<0>, C4<0>;
L_0x55b65f4d83a0 .functor AND 1, L_0x55b65f4d7b80, L_0x55b65f4d7bf0, C4<1>, C4<1>;
L_0x55b65f4d7de0 .functor NOT 1, L_0x55b65f4d83a0, C4<0>, C4<0>, C4<0>;
L_0x55b65f4d8290 .functor NOT 1, L_0x55b65f4d7ea0, C4<0>, C4<0>, C4<0>;
L_0x55b65f4d8b30 .functor OR 1, L_0x55b65f4d7a00, L_0x55b65f4d8a90, C4<0>, C4<0>;
L_0x55b65f4d8ba0 .functor NOT 1, L_0x55b65f4d8b30, C4<0>, C4<0>, C4<0>;
L_0x55b65f4d84b0 .functor AND 1, L_0x55b65f4d8290, L_0x55b65f4d8ba0, C4<1>, C4<1>;
L_0x55b65f4d85b0 .functor NOT 1, L_0x55b65f4d84b0, C4<0>, C4<0>, C4<0>;
L_0x55b65f4d8670 .functor AND 1, L_0x55b65f4d7de0, L_0x55b65f4d85b0, C4<1>, C4<1>;
v0x55b65f488870_0 .net "_000_", 12 0, L_0x55b65f4c5580;  1 drivers
v0x55b65f489510_0 .net "_001_", 3 0, L_0x55b65f4c8680;  1 drivers
v0x55b65f4895b0_0 .net "_002_", 0 0, L_0x55b65f4ccca0;  1 drivers
v0x55b65f48a250_0 .net "_003_", 0 0, L_0x55b65f4d53c0;  1 drivers
v0x55b65f48a2f0_0 .net "_004_", 0 0, L_0x55b65f4d63a0;  1 drivers
v0x55b65f48af90_0 .net "_005_", 0 0, L_0x55b65f4d66d0;  1 drivers
v0x55b65f48b030_0 .net "_006_", 0 0, L_0x55b65f4d2c40;  1 drivers
v0x55b65f4aa720_0 .net "_007_", 0 0, L_0x55b65f4d55d0;  1 drivers
v0x55b65f4aa7e0_0 .net "_008_", 0 0, L_0x55b65f489370;  1 drivers
v0x55b65f4aa8a0_0 .net "_009_", 0 0, L_0x55b65f4d5130;  1 drivers
v0x55b65f4aa960_0 .net "_010_", 0 0, L_0x55b65f4d3db0;  1 drivers
v0x55b65f4aaa20_0 .net "_011_", 0 0, L_0x55b65f4bc770;  1 drivers
v0x55b65f4aaae0_0 .net "_012_", 0 0, L_0x55b65f4d6830;  1 drivers
v0x55b65f4aaba0_0 .net "_013_", 0 0, L_0x55b65f4d6900;  1 drivers
v0x55b65f4aac60_0 .net "_014_", 0 0, L_0x55b65f4d6a10;  1 drivers
v0x55b65f4aad20_0 .net "_015_", 0 0, L_0x55b65f4d6b90;  1 drivers
v0x55b65f4aade0_0 .net "_016_", 0 0, L_0x55b65f4d6d10;  1 drivers
v0x55b65f4aaea0_0 .net "_017_", 0 0, L_0x55b65f4d6dd0;  1 drivers
v0x55b65f4aaf60_0 .net "_018_", 0 0, L_0x55b65f4d7750;  1 drivers
v0x55b65f4ab020_0 .net "_019_", 0 0, L_0x55b65f4d7880;  1 drivers
v0x55b65f4ab0e0_0 .net "_020_", 0 0, L_0x55b65f4d7a00;  1 drivers
v0x55b65f4ab1a0_0 .net "_021_", 0 0, L_0x55b65f4d7b80;  1 drivers
v0x55b65f4ab260_0 .net "_022_", 0 0, L_0x55b65f4d7de0;  1 drivers
v0x55b65f4ab320_0 .net "_023_", 0 0, L_0x55b65f4d8290;  1 drivers
v0x55b65f4ab3e0_0 .net "_024_", 0 0, L_0x55b65f4d8b30;  1 drivers
v0x55b65f4ab4a0_0 .net "_025_", 0 0, L_0x55b65f4d84b0;  1 drivers
v0x55b65f4ab560_0 .net "_026_", 0 0, L_0x55b65f4d8670;  1 drivers
v0x55b65f4ab620_0 .net "_027_", 0 0, L_0x55b65f486bb0;  1 drivers
v0x55b65f4ab6e0_0 .net "_028_", 0 0, L_0x55b65f4878f0;  1 drivers
v0x55b65f4ab7a0_0 .net "_029_", 0 0, L_0x55b65f48a0b0;  1 drivers
v0x55b65f4ab860_0 .net "_030_", 0 0, L_0x55b65f4bce60;  1 drivers
v0x55b65f4ab920_0 .net "_031_", 0 0, L_0x55b65f4bcf20;  1 drivers
v0x55b65f4ab9e0_0 .net "_032_", 0 0, L_0x55b65f4bd5a0;  1 drivers
v0x55b65f4abcb0_0 .net "_033_", 0 0, L_0x55b65f4bda90;  1 drivers
v0x55b65f4abd70_0 .net "_034_", 0 0, L_0x55b65f4bdb50;  1 drivers
v0x55b65f4abe30_0 .net "_035_", 0 0, L_0x55b65f4be230;  1 drivers
v0x55b65f4abef0_0 .net "_036_", 0 0, L_0x55b65f4be490;  1 drivers
v0x55b65f4abfb0_0 .net "_037_", 0 0, L_0x55b65f4be810;  1 drivers
v0x55b65f4ac070_0 .net "_038_", 0 0, L_0x55b65f4bedc0;  1 drivers
v0x55b65f4ac130_0 .net "_039_", 0 0, L_0x55b65f4be690;  1 drivers
v0x55b65f4ac1f0_0 .net "_040_", 0 0, L_0x55b65f4bf7a0;  1 drivers
v0x55b65f4ac2b0_0 .net "_041_", 0 0, L_0x55b65f4bfa70;  1 drivers
v0x55b65f4ac370_0 .net "_042_", 0 0, L_0x55b65f4bfdf0;  1 drivers
v0x55b65f4ac430_0 .net "_043_", 0 0, L_0x55b65f4c0520;  1 drivers
v0x55b65f4ac4f0_0 .net "_044_", 0 0, L_0x55b65f4c0680;  1 drivers
v0x55b65f4ac5b0_0 .net "_045_", 0 0, L_0x55b65f4c0ed0;  1 drivers
v0x55b65f4ac670_0 .net "_046_", 0 0, L_0x55b65f4c1140;  1 drivers
v0x55b65f4ac730_0 .net "_047_", 0 0, L_0x55b65f4c1480;  1 drivers
v0x55b65f4ac7f0_0 .net "_048_", 0 0, L_0x55b65f4c1980;  1 drivers
v0x55b65f4ac8b0_0 .net "_049_", 0 0, L_0x55b65f4c20f0;  1 drivers
v0x55b65f4ac970_0 .net "_050_", 0 0, L_0x55b65f4c2320;  1 drivers
v0x55b65f4aca30_0 .net "_051_", 0 0, L_0x55b65f4c2d50;  1 drivers
v0x55b65f4acaf0_0 .net "_052_", 0 0, L_0x55b65f4c30a0;  1 drivers
v0x55b65f4acbb0_0 .net "_053_", 0 0, L_0x55b65f4c3430;  1 drivers
v0x55b65f4acc70_0 .net "_054_", 0 0, L_0x55b65f4c3da0;  1 drivers
v0x55b65f4acd30_0 .net "_055_", 0 0, L_0x55b65f4c3f00;  1 drivers
v0x55b65f4acdf0_0 .net "_056_", 0 0, L_0x55b65f4c4a10;  1 drivers
v0x55b65f4aceb0_0 .net "_057_", 0 0, L_0x55b65f4c4d50;  1 drivers
v0x55b65f4acf70_0 .net "_058_", 0 0, L_0x55b65f4c5160;  1 drivers
v0x55b65f4ad030_0 .net "_059_", 0 0, L_0x55b65f4c5220;  1 drivers
v0x55b65f4ad0f0_0 .net "_060_", 0 0, L_0x55b65f4c6970;  1 drivers
v0x55b65f4ad1b0_0 .net "_061_", 0 0, L_0x55b65f4c7430;  1 drivers
v0x55b65f4ad270_0 .net "_062_", 0 0, L_0x55b65f4c74a0;  1 drivers
v0x55b65f4ad330_0 .net "_063_", 0 0, L_0x55b65f4c8100;  1 drivers
v0x55b65f4ad3f0_0 .net "_064_", 0 0, L_0x55b65f4c8570;  1 drivers
v0x55b65f4ad8c0_0 .net "_065_", 0 0, L_0x55b65f4c9470;  1 drivers
v0x55b65f4ad980_0 .net "_066_", 0 0, L_0x55b65f4c9b10;  1 drivers
v0x55b65f4ada40_0 .net "_067_", 0 0, L_0x55b65f4c9ea0;  1 drivers
v0x55b65f4adb00_0 .net "_068_", 0 0, L_0x55b65f4ca5a0;  1 drivers
v0x55b65f4adbc0_0 .net "_069_", 0 0, L_0x55b65f4cace0;  1 drivers
v0x55b65f4adc80_0 .net "_070_", 0 0, L_0x55b65f4cb110;  1 drivers
v0x55b65f4add40_0 .net "_071_", 0 0, L_0x55b65f4cb550;  1 drivers
v0x55b65f4ade00_0 .net "_072_", 0 0, L_0x55b65f4cba80;  1 drivers
v0x55b65f4adec0_0 .net "_073_", 0 0, L_0x55b65f4cbb90;  1 drivers
v0x55b65f4adf80_0 .net "_074_", 0 0, L_0x55b65f4cc050;  1 drivers
v0x55b65f4ae040_0 .net "_075_", 0 0, L_0x55b65f4cd550;  1 drivers
v0x55b65f4ae100_0 .net "_076_", 0 0, L_0x55b65f4cd990;  1 drivers
v0x55b65f4ae1c0_0 .net "_077_", 0 0, L_0x55b65f4cdee0;  1 drivers
v0x55b65f4ae280_0 .net "_078_", 0 0, L_0x55b65f4ce710;  1 drivers
v0x55b65f4ae340_0 .net "_079_", 0 0, L_0x55b65f4cebc0;  1 drivers
v0x55b65f4ae400_0 .net "_080_", 0 0, L_0x55b65f4cf070;  1 drivers
v0x55b65f4ae4c0_0 .net "_081_", 0 0, L_0x55b65f4cf5f0;  1 drivers
v0x55b65f4ae580_0 .net "_082_", 0 0, L_0x55b65f4cfab0;  1 drivers
v0x55b65f4ae640_0 .net "_083_", 0 0, L_0x55b65f4d0340;  1 drivers
v0x55b65f4ae700_0 .net "_084_", 0 0, L_0x55b65f4d0450;  1 drivers
v0x55b65f4ae7c0_0 .net "_085_", 0 0, L_0x55b65f4d09d0;  1 drivers
v0x55b65f4ae880_0 .net "_086_", 0 0, L_0x55b65f4d0f80;  1 drivers
v0x55b65f4ae940_0 .net "_087_", 0 0, L_0x55b65f4d14b0;  1 drivers
v0x55b65f4aea00_0 .net "_088_", 0 0, L_0x55b65f4d1e50;  1 drivers
v0x55b65f4aeac0_0 .net "_089_", 0 0, L_0x55b65f4d2420;  1 drivers
v0x55b65f4aeb80_0 .net "_090_", 0 0, L_0x55b65f4d2960;  1 drivers
v0x55b65f4aec40_0 .net "_091_", 0 0, L_0x55b65f4d3250;  1 drivers
v0x55b65f4aed00_0 .net "_092_", 0 0, L_0x55b65f4d2b30;  1 drivers
v0x55b65f4aedc0_0 .net "_093_", 0 0, L_0x55b65f4d3360;  1 drivers
v0x55b65f4aee80_0 .net "_094_", 0 0, L_0x55b65f4d4060;  1 drivers
v0x55b65f4aef40_0 .net "_095_", 0 0, L_0x55b65f4d3c30;  1 drivers
v0x55b65f4af000_0 .net "_096_", 0 0, L_0x55b65f4d46d0;  1 drivers
v0x55b65f4af0c0_0 .net "_097_", 0 0, L_0x55b65f4d4b20;  1 drivers
v0x55b65f4af180_0 .net "_098_", 0 0, L_0x55b65f4d41b0;  1 drivers
v0x55b65f4af240_0 .net "_099_", 0 0, L_0x55b65f4d4420;  1 drivers
v0x55b65f4af300_0 .net "_100_", 0 0, L_0x55b65f4d4580;  1 drivers
v0x55b65f4af3c0_0 .net "_101_", 0 0, L_0x55b65f4d5300;  1 drivers
v0x55b65f4af480_0 .net "_102_", 0 0, L_0x55b65f4d5de0;  1 drivers
v0x55b65f4af540_0 .net "_103_", 0 0, L_0x55b65f4d5750;  1 drivers
v0x55b65f4af600_0 .net "_104_", 0 0, L_0x55b65f4d5970;  1 drivers
v0x55b65f4af6c0_0 .net "_105_", 0 0, L_0x55b65f4d5e50;  1 drivers
v0x55b65f4af780_0 .net "_106_", 0 0, L_0x55b65f4d62d0;  1 drivers
v0x55b65f4af840_0 .net "_107_", 0 0, L_0x55b65f4d65c0;  1 drivers
v0x55b65f4af900_0 .net "_108_", 0 0, L_0x55b65f4cc570;  1 drivers
v0x55b65f4b0800_0 .net *"_ivl_100", 0 0, L_0x55b65f4bed00;  1 drivers
v0x55b65f4b0760_0 .net *"_ivl_105", 0 0, L_0x55b65f4befa0;  1 drivers
v0x55b65f4afa20_0 .net *"_ivl_110", 0 0, L_0x55b65f4bf190;  1 drivers
v0x55b65f4afb00_0 .net *"_ivl_112", 0 0, L_0x55b65f4bee80;  1 drivers
v0x55b65f4afbe0_0 .net *"_ivl_115", 0 0, L_0x55b65f4bf380;  1 drivers
v0x55b65f4afcc0_0 .net *"_ivl_117", 0 0, L_0x55b65f4bf420;  1 drivers
v0x55b65f4afda0_0 .net *"_ivl_118", 0 0, L_0x55b65f4bf550;  1 drivers
v0x55b65f4afe80_0 .net *"_ivl_122", 0 0, L_0x55b65f4bf860;  1 drivers
v0x55b65f4aff60_0 .net *"_ivl_127", 0 0, L_0x55b65f4bfae0;  1 drivers
v0x55b65f4b0040_0 .net *"_ivl_128", 0 0, L_0x55b65f4bfb80;  1 drivers
v0x55b65f4b0120_0 .net *"_ivl_134", 0 0, L_0x55b65f4bfeb0;  1 drivers
v0x55b65f4b0200_0 .net *"_ivl_136", 0 0, L_0x55b65f4c00e0;  1 drivers
v0x55b65f4b02e0_0 .net *"_ivl_139", 0 0, L_0x55b65f4c01a0;  1 drivers
v0x55b65f4b03c0_0 .net *"_ivl_14", 0 0, L_0x55b65f48adf0;  1 drivers
v0x55b65f4b04a0_0 .net *"_ivl_140", 0 0, L_0x55b65f4c02e0;  1 drivers
v0x55b65f4b0a00_0 .net *"_ivl_145", 0 0, L_0x55b65f4c05e0;  1 drivers
v0x55b65f4b0aa0_0 .net *"_ivl_150", 0 0, L_0x55b65f4c0920;  1 drivers
v0x55b65f4b0b60_0 .net *"_ivl_152", 0 0, L_0x55b65f4c09e0;  1 drivers
v0x55b65f4b0c40_0 .net *"_ivl_155", 0 0, L_0x55b65f4c0c40;  1 drivers
v0x55b65f4b0d20_0 .net *"_ivl_157", 0 0, L_0x55b65f4c0240;  1 drivers
v0x55b65f4b1610_0 .net *"_ivl_158", 0 0, L_0x55b65f4c0d90;  1 drivers
v0x55b65f4b16f0_0 .net *"_ivl_164", 0 0, L_0x55b65f4c1200;  1 drivers
v0x55b65f4b17d0_0 .net *"_ivl_169", 0 0, L_0x55b65f4c1540;  1 drivers
v0x55b65f4b18b0_0 .net *"_ivl_170", 0 0, L_0x55b65f4c16a0;  1 drivers
v0x55b65f4b1990_0 .net *"_ivl_176", 0 0, L_0x55b65f4c1a40;  1 drivers
v0x55b65f4b1a70_0 .net *"_ivl_178", 0 0, L_0x55b65f4c1ce0;  1 drivers
v0x55b65f4b1b50_0 .net *"_ivl_181", 0 0, L_0x55b65f4c1da0;  1 drivers
v0x55b65f4b1c30_0 .net *"_ivl_182", 0 0, L_0x55b65f4c1e40;  1 drivers
v0x55b65f4b1d10_0 .net *"_ivl_187", 0 0, L_0x55b65f4c21b0;  1 drivers
v0x55b65f4b1df0_0 .net *"_ivl_192", 0 0, L_0x55b65f4c2660;  1 drivers
v0x55b65f4b1ed0_0 .net *"_ivl_194", 0 0, L_0x55b65f4c2720;  1 drivers
v0x55b65f4b1fb0_0 .net *"_ivl_197", 0 0, L_0x55b65f4c29f0;  1 drivers
v0x55b65f4b2090_0 .net *"_ivl_199", 0 0, L_0x55b65f4c2a90;  1 drivers
v0x55b65f4b2170_0 .net *"_ivl_200", 0 0, L_0x55b65f4c2c10;  1 drivers
v0x55b65f4b2250_0 .net *"_ivl_204", 0 0, L_0x55b65f4c3030;  1 drivers
v0x55b65f4b2330_0 .net *"_ivl_209", 0 0, L_0x55b65f4c3390;  1 drivers
v0x55b65f4b2410_0 .net *"_ivl_21", 0 0, L_0x55b65f4bc8b0;  1 drivers
v0x55b65f4b24f0_0 .net *"_ivl_214", 0 0, L_0x55b65f4c3540;  1 drivers
v0x55b65f4b25d0_0 .net *"_ivl_216", 0 0, L_0x55b65f4c3840;  1 drivers
v0x55b65f4b26b0_0 .net *"_ivl_219", 0 0, L_0x55b65f4c3900;  1 drivers
v0x55b65f4b2790_0 .net *"_ivl_22", 0 0, L_0x55b65f4bc980;  1 drivers
v0x55b65f4b2870_0 .net *"_ivl_220", 0 0, L_0x55b65f4c3a90;  1 drivers
v0x55b65f4b2950_0 .net *"_ivl_225", 0 0, L_0x55b65f4c3e60;  1 drivers
v0x55b65f4b2a30_0 .net *"_ivl_230", 0 0, L_0x55b65f4c42a0;  1 drivers
v0x55b65f4b2b10_0 .net *"_ivl_232", 0 0, L_0x55b65f4c4360;  1 drivers
v0x55b65f4b2bf0_0 .net *"_ivl_235", 0 0, L_0x55b65f4c4690;  1 drivers
v0x55b65f4b2cd0_0 .net *"_ivl_237", 0 0, L_0x55b65f4c4830;  1 drivers
v0x55b65f4b2db0_0 .net *"_ivl_238", 0 0, L_0x55b65f4c48d0;  1 drivers
v0x55b65f4b2e90_0 .net *"_ivl_24", 0 0, L_0x55b65f4bca70;  1 drivers
v0x55b65f4b2f70_0 .net *"_ivl_244", 0 0, L_0x55b65f4c4e10;  1 drivers
v0x55b65f4b3050_0 .net *"_ivl_253", 0 0, L_0x55b65f4c5af0;  1 drivers
v0x55b65f4b3130_0 .net *"_ivl_255", 0 0, L_0x55b65f4c5bb0;  1 drivers
v0x55b65f4b3210_0 .net *"_ivl_260", 0 0, L_0x55b65f4c5f70;  1 drivers
v0x55b65f4b32f0_0 .net *"_ivl_262", 0 0, L_0x55b65f4c6060;  1 drivers
v0x55b65f4b33d0_0 .net *"_ivl_263", 0 0, L_0x55b65f4c6220;  1 drivers
v0x55b65f4b34b0_0 .net *"_ivl_265", 0 0, L_0x55b65f4c62e0;  1 drivers
v0x55b65f4b3590_0 .net *"_ivl_268", 0 0, L_0x55b65f4c66b0;  1 drivers
v0x55b65f4b3670_0 .net *"_ivl_27", 0 0, L_0x55b65f4bcbe0;  1 drivers
v0x55b65f4b3750_0 .net *"_ivl_270", 0 0, L_0x55b65f4c67a0;  1 drivers
v0x55b65f4b3830_0 .net *"_ivl_271", 0 0, L_0x55b65f4c6100;  1 drivers
v0x55b65f4b3910_0 .net *"_ivl_278", 0 0, L_0x55b65f4c6d00;  1 drivers
v0x55b65f4b39f0_0 .net *"_ivl_279", 0 0, L_0x55b65f4c6da0;  1 drivers
v0x55b65f4b3ad0_0 .net *"_ivl_281", 0 0, L_0x55b65f4c6e60;  1 drivers
v0x55b65f4b3bb0_0 .net *"_ivl_284", 0 0, L_0x55b65f4c7250;  1 drivers
v0x55b65f4b3c90_0 .net *"_ivl_29", 0 0, L_0x55b65f4bcc80;  1 drivers
v0x55b65f4b3d70_0 .net *"_ivl_292", 0 0, L_0x55b65f4c7850;  1 drivers
v0x55b65f4b3e50_0 .net *"_ivl_293", 0 0, L_0x55b65f4c7980;  1 drivers
v0x55b65f4b3f30_0 .net *"_ivl_295", 0 0, L_0x55b65f4c79f0;  1 drivers
v0x55b65f4b4010_0 .net *"_ivl_298", 0 0, L_0x55b65f4c7e00;  1 drivers
v0x55b65f4b40f0_0 .net *"_ivl_299", 0 0, L_0x55b65f4c7ff0;  1 drivers
v0x55b65f4b41d0_0 .net *"_ivl_3", 0 0, L_0x55b65f4bc3e0;  1 drivers
v0x55b65f4b42b0_0 .net *"_ivl_30", 0 0, L_0x55b65f4bcd50;  1 drivers
v0x55b65f4b4390_0 .net *"_ivl_304", 0 0, L_0x55b65f4c84d0;  1 drivers
v0x55b65f4b4470_0 .net *"_ivl_311", 0 0, L_0x55b65f4c8970;  1 drivers
v0x55b65f4b4550_0 .net *"_ivl_312", 0 0, L_0x55b65f4c8a10;  1 drivers
v0x55b65f4b4630_0 .net *"_ivl_314", 0 0, L_0x55b65f4c8df0;  1 drivers
v0x55b65f4b4710_0 .net *"_ivl_317", 0 0, L_0x55b65f4c8f50;  1 drivers
v0x55b65f4b47f0_0 .net *"_ivl_319", 0 0, L_0x55b65f4c9160;  1 drivers
v0x55b65f4b48d0_0 .net *"_ivl_321", 0 0, L_0x55b65f4c9200;  1 drivers
v0x55b65f4b49b0_0 .net *"_ivl_325", 0 0, L_0x55b65f4c9600;  1 drivers
v0x55b65f4b4a90_0 .net *"_ivl_327", 0 0, L_0x55b65f4c9830;  1 drivers
v0x55b65f4b4b70_0 .net *"_ivl_329", 0 0, L_0x55b65f4c98d0;  1 drivers
v0x55b65f4b4c50_0 .net *"_ivl_333", 0 0, L_0x55b65f4c9c50;  1 drivers
v0x55b65f4b4d30_0 .net *"_ivl_337", 0 0, L_0x55b65f4ca030;  1 drivers
v0x55b65f4b4e10_0 .net *"_ivl_339", 0 0, L_0x55b65f4ca290;  1 drivers
v0x55b65f4b4ef0_0 .net *"_ivl_341", 0 0, L_0x55b65f4ca330;  1 drivers
v0x55b65f4b4fd0_0 .net *"_ivl_345", 0 0, L_0x55b65f4ca730;  1 drivers
v0x55b65f4b50b0_0 .net *"_ivl_347", 0 0, L_0x55b65f4ca9b0;  1 drivers
v0x55b65f4b5190_0 .net *"_ivl_349", 0 0, L_0x55b65f4caa50;  1 drivers
v0x55b65f4b5270_0 .net *"_ivl_353", 0 0, L_0x55b65f4cae70;  1 drivers
v0x55b65f4b5350_0 .net *"_ivl_357", 0 0, L_0x55b65f4cb2a0;  1 drivers
v0x55b65f4b5430_0 .net *"_ivl_36", 0 0, L_0x55b65f4bcf90;  1 drivers
v0x55b65f4b5510_0 .net *"_ivl_360", 0 0, L_0x55b65f4cb6e0;  1 drivers
v0x55b65f4b55f0_0 .net *"_ivl_366", 0 0, L_0x55b65f4cbfe0;  1 drivers
v0x55b65f4b56d0_0 .net *"_ivl_370", 0 0, L_0x55b65f4cc4b0;  1 drivers
v0x55b65f4b57b0_0 .net *"_ivl_375", 0 0, L_0x55b65f4cc9e0;  1 drivers
v0x55b65f4b5890_0 .net *"_ivl_379", 0 0, L_0x55b65f4ccd60;  1 drivers
v0x55b65f4b5970_0 .net *"_ivl_38", 0 0, L_0x55b65f4bd050;  1 drivers
v0x55b65f4b5a50_0 .net *"_ivl_381", 0 0, L_0x55b65f4cce00;  1 drivers
v0x55b65f4b5b30_0 .net *"_ivl_382", 0 0, L_0x55b65f4cd0d0;  1 drivers
v0x55b65f4b5c10_0 .net *"_ivl_387", 0 0, L_0x55b65f4cd610;  1 drivers
v0x55b65f4b5cf0_0 .net *"_ivl_389", 0 0, L_0x55b65f4cd6b0;  1 drivers
v0x55b65f4b5dd0_0 .net *"_ivl_392", 0 0, L_0x55b65f4cde20;  1 drivers
v0x55b65f4b5eb0_0 .net *"_ivl_397", 0 0, L_0x55b65f4ce380;  1 drivers
v0x55b65f4b5f90_0 .net *"_ivl_399", 0 0, L_0x55b65f4ce420;  1 drivers
v0x55b65f4b6070_0 .net *"_ivl_4", 0 0, L_0x55b65f485e70;  1 drivers
v0x55b65f4b6150_0 .net *"_ivl_403", 0 0, L_0x55b65f4ce820;  1 drivers
v0x55b65f4b6230_0 .net *"_ivl_405", 0 0, L_0x55b65f4ce8c0;  1 drivers
v0x55b65f4b6310_0 .net *"_ivl_41", 0 0, L_0x55b65f4bd190;  1 drivers
v0x55b65f4b63f0_0 .net *"_ivl_410", 0 0, L_0x55b65f4cf180;  1 drivers
v0x55b65f4b64d0_0 .net *"_ivl_415", 0 0, L_0x55b65f4cf700;  1 drivers
v0x55b65f4b65b0_0 .net *"_ivl_417", 0 0, L_0x55b65f4cf7a0;  1 drivers
v0x55b65f4b6690_0 .net *"_ivl_421", 0 0, L_0x55b65f4cff80;  1 drivers
v0x55b65f4b6770_0 .net *"_ivl_423", 0 0, L_0x55b65f4d0020;  1 drivers
v0x55b65f4b6850_0 .net *"_ivl_429", 0 0, L_0x55b65f4d0930;  1 drivers
v0x55b65f4b6930_0 .net *"_ivl_43", 0 0, L_0x55b65f4bd230;  1 drivers
v0x55b65f4b6a10_0 .net *"_ivl_432", 0 0, L_0x55b65f4d0ae0;  1 drivers
v0x55b65f4b6af0_0 .net *"_ivl_437", 0 0, L_0x55b65f4d10e0;  1 drivers
v0x55b65f4b6bd0_0 .net *"_ivl_439", 0 0, L_0x55b65f4d1410;  1 drivers
v0x55b65f4b6cb0_0 .net *"_ivl_443", 0 0, L_0x55b65f4d19b0;  1 drivers
v0x55b65f4b6d90_0 .net *"_ivl_445", 0 0, L_0x55b65f4d1cf0;  1 drivers
v0x55b65f4b6e70_0 .net *"_ivl_446", 0 0, L_0x55b65f4d1d90;  1 drivers
v0x55b65f4b6f50_0 .net *"_ivl_450", 0 0, L_0x55b65f4d2360;  1 drivers
v0x55b65f4b7030_0 .net *"_ivl_454", 0 0, L_0x55b65f4d28a0;  1 drivers
v0x55b65f4b7110_0 .net *"_ivl_459", 0 0, L_0x55b65f4d2e40;  1 drivers
v0x55b65f4b71f0_0 .net *"_ivl_460", 0 0, L_0x55b65f4d3190;  1 drivers
v0x55b65f4b72d0_0 .net *"_ivl_465", 0 0, L_0x55b65f4d2a20;  1 drivers
v0x55b65f4b73b0_0 .net *"_ivl_466", 0 0, L_0x55b65f4d2ac0;  1 drivers
v0x55b65f4b7490_0 .net *"_ivl_47", 0 0, L_0x55b65f4bd360;  1 drivers
v0x55b65f4b7570_0 .net *"_ivl_473", 0 0, L_0x55b65f4d2d00;  1 drivers
v0x55b65f4b7650_0 .net *"_ivl_475", 0 0, L_0x55b65f4d2da0;  1 drivers
v0x55b65f4b7730_0 .net *"_ivl_476", 0 0, L_0x55b65f4d3a60;  1 drivers
v0x55b65f4b7810_0 .net *"_ivl_48", 0 0, L_0x55b65f4bd400;  1 drivers
v0x55b65f4b78f0_0 .net *"_ivl_481", 0 0, L_0x55b65f4d3420;  1 drivers
v0x55b65f4b79d0_0 .net *"_ivl_483", 0 0, L_0x55b65f4d3fc0;  1 drivers
v0x55b65f4b7ab0_0 .net *"_ivl_486", 0 0, L_0x55b65f4d3b70;  1 drivers
v0x55b65f4b7b90_0 .net *"_ivl_490", 0 0, L_0x55b65f4d3cf0;  1 drivers
v0x55b65f4b7c70_0 .net *"_ivl_495", 0 0, L_0x55b65f4d3ec0;  1 drivers
v0x55b65f4b7d50_0 .net *"_ivl_497", 0 0, L_0x55b65f4d4630;  1 drivers
v0x55b65f4b7e30_0 .net *"_ivl_501", 0 0, L_0x55b65f4d4790;  1 drivers
v0x55b65f4b7f10_0 .net *"_ivl_505", 0 0, L_0x55b65f4d4c60;  1 drivers
v0x55b65f4b7ff0_0 .net *"_ivl_506", 0 0, L_0x55b65f4d5000;  1 drivers
v0x55b65f4b80d0_0 .net *"_ivl_511", 0 0, L_0x55b65f4d42c0;  1 drivers
v0x55b65f4b81b0_0 .net *"_ivl_512", 0 0, L_0x55b65f4d4360;  1 drivers
v0x55b65f4b8290_0 .net *"_ivl_518", 0 0, L_0x55b65f4d5070;  1 drivers
v0x55b65f4b8370_0 .net *"_ivl_522", 0 0, L_0x55b65f4d5240;  1 drivers
v0x55b65f4b8450_0 .net *"_ivl_529", 0 0, L_0x55b65f4d5a30;  1 drivers
v0x55b65f4b8530_0 .net *"_ivl_532", 0 0, L_0x55b65f4d5560;  1 drivers
v0x55b65f4b0e00_0 .net *"_ivl_536", 0 0, L_0x55b65f4d56e0;  1 drivers
v0x55b65f4b0ee0_0 .net *"_ivl_54", 0 0, L_0x55b65f4bd660;  1 drivers
v0x55b65f4b0fc0_0 .net *"_ivl_541", 0 0, L_0x55b65f4d5810;  1 drivers
v0x55b65f4b10a0_0 .net *"_ivl_542", 0 0, L_0x55b65f4d58b0;  1 drivers
v0x55b65f4b1180_0 .net *"_ivl_549", 0 0, L_0x55b65f4d5f10;  1 drivers
v0x55b65f4b1260_0 .net *"_ivl_555", 0 0, L_0x55b65f4d64b0;  1 drivers
v0x55b65f4b1340_0 .net *"_ivl_556", 0 0, L_0x55b65f4d6550;  1 drivers
v0x55b65f4b1420_0 .net *"_ivl_56", 0 0, L_0x55b65f4bd7c0;  1 drivers
v0x55b65f4b1500_0 .net *"_ivl_563", 0 0, L_0x55b65f4d6790;  1 drivers
v0x55b65f4b9600_0 .net *"_ivl_567", 0 0, L_0x55b65f4d7210;  1 drivers
v0x55b65f4b96e0_0 .net *"_ivl_569", 0 0, L_0x55b65f4d72b0;  1 drivers
v0x55b65f4b97c0_0 .net *"_ivl_570", 0 0, L_0x55b65f4d7690;  1 drivers
v0x55b65f4b98a0_0 .net *"_ivl_576", 0 0, L_0x55b65f4d6ad0;  1 drivers
v0x55b65f4b9980_0 .net *"_ivl_580", 0 0, L_0x55b65f4d6c50;  1 drivers
v0x55b65f4b9a60_0 .net *"_ivl_586", 0 0, L_0x55b65f4d7d20;  1 drivers
v0x55b65f4b9b40_0 .net *"_ivl_59", 0 0, L_0x55b65f4bd830;  1 drivers
v0x55b65f4b9c20_0 .net *"_ivl_590", 0 0, L_0x55b65f4d7810;  1 drivers
v0x55b65f4b9d00_0 .net *"_ivl_594", 0 0, L_0x55b65f4d7940;  1 drivers
v0x55b65f4b9de0_0 .net *"_ivl_598", 0 0, L_0x55b65f4d7b10;  1 drivers
v0x55b65f4b9ec0_0 .net *"_ivl_60", 0 0, L_0x55b65f4bd920;  1 drivers
v0x55b65f4b9fa0_0 .net *"_ivl_603", 0 0, L_0x55b65f4d7bf0;  1 drivers
v0x55b65f4ba080_0 .net *"_ivl_604", 0 0, L_0x55b65f4d83a0;  1 drivers
v0x55b65f4ba160_0 .net *"_ivl_609", 0 0, L_0x55b65f4d7ea0;  1 drivers
v0x55b65f4ba240_0 .net *"_ivl_613", 0 0, L_0x55b65f4d8a90;  1 drivers
v0x55b65f4ba320_0 .net *"_ivl_616", 0 0, L_0x55b65f4d8ba0;  1 drivers
v0x55b65f4ba400_0 .net *"_ivl_620", 0 0, L_0x55b65f4d85b0;  1 drivers
v0x55b65f4ba4e0_0 .net *"_ivl_65", 0 0, L_0x55b65f4bd720;  1 drivers
v0x55b65f4ba5c0_0 .net *"_ivl_70", 0 0, L_0x55b65f4bdd50;  1 drivers
v0x55b65f4ba6a0_0 .net *"_ivl_72", 0 0, L_0x55b65f4bde10;  1 drivers
v0x55b65f4ba780_0 .net *"_ivl_75", 0 0, L_0x55b65f4bdfa0;  1 drivers
v0x55b65f4ba860_0 .net *"_ivl_77", 0 0, L_0x55b65f4be0a0;  1 drivers
v0x55b65f4ba940_0 .net *"_ivl_78", 0 0, L_0x55b65f4be140;  1 drivers
v0x55b65f4baa20_0 .net *"_ivl_8", 0 0, L_0x55b65f488630;  1 drivers
v0x55b65f4bab00_0 .net *"_ivl_82", 0 0, L_0x55b65f4be3d0;  1 drivers
v0x55b65f4babe0_0 .net *"_ivl_87", 0 0, L_0x55b65f4be5f0;  1 drivers
v0x55b65f4bacc0_0 .net *"_ivl_88", 0 0, L_0x55b65f4be700;  1 drivers
v0x55b65f4bada0_0 .net *"_ivl_94", 0 0, L_0x55b65f4be9d0;  1 drivers
v0x55b65f4bae80_0 .net *"_ivl_96", 0 0, L_0x55b65f4bea90;  1 drivers
v0x55b65f4baf60_0 .net *"_ivl_99", 0 0, L_0x55b65f4bec60;  1 drivers
v0x55b65f4bb040_0 .var "baud_count", 12 0;
v0x55b65f4bb450_0 .var "bit_count", 3 0;
v0x55b65f4bb550_0 .net "clk", 0 0, v0x55b65f4bbe70_0;  1 drivers
v0x55b65f4bb630_0 .net "data", 7 0, v0x55b65f4bbf30_0;  1 drivers
v0x55b65f4bb730_0 .net "reset", 0 0, v0x55b65f4bbfd0_0;  1 drivers
v0x55b65f4bb810_0 .net "start", 0 0, v0x55b65f4bc070_0;  1 drivers
v0x55b65f4bb8f0_0 .var "tx", 0 0;
v0x55b65f4bb9d0_0 .var "tx_busy", 0 0;
v0x55b65f4bbab0_0 .var "tx_data_reg", 7 0;
v0x55b65f4bbbb0_0 .var "tx_done", 0 0;
v0x55b65f4bbc90_0 .var "tx_state", 3 0;
E_0x55b65f421ca0 .event posedge, v0x55b65f4bb730_0, v0x55b65f4bb550_0;
E_0x55b65f3cc8f0 .event posedge, v0x55b65f4bb550_0;
L_0x55b65f4bc3e0 .part v0x55b65f4bbc90_0, 1, 1;
L_0x55b65f4bc8b0 .part v0x55b65f4bb040_0, 0, 1;
L_0x55b65f4bcbe0 .part v0x55b65f4bb040_0, 1, 1;
L_0x55b65f4bcc80 .part v0x55b65f4bb040_0, 0, 1;
L_0x55b65f4bd190 .part v0x55b65f4bb040_0, 1, 1;
L_0x55b65f4bd230 .part v0x55b65f4bb040_0, 0, 1;
L_0x55b65f4bd360 .part v0x55b65f4bb040_0, 2, 1;
L_0x55b65f4bd830 .part v0x55b65f4bb040_0, 2, 1;
L_0x55b65f4bd720 .part v0x55b65f4bb040_0, 3, 1;
L_0x55b65f4bdfa0 .part v0x55b65f4bb040_0, 3, 1;
L_0x55b65f4be0a0 .part v0x55b65f4bb040_0, 2, 1;
L_0x55b65f4be5f0 .part v0x55b65f4bb040_0, 4, 1;
L_0x55b65f4bec60 .part v0x55b65f4bb040_0, 4, 1;
L_0x55b65f4befa0 .part v0x55b65f4bb040_0, 5, 1;
L_0x55b65f4bf380 .part v0x55b65f4bb040_0, 5, 1;
L_0x55b65f4bf420 .part v0x55b65f4bb040_0, 4, 1;
L_0x55b65f4bfae0 .part v0x55b65f4bb040_0, 6, 1;
L_0x55b65f4c01a0 .part v0x55b65f4bb040_0, 6, 1;
L_0x55b65f4c05e0 .part v0x55b65f4bb040_0, 7, 1;
L_0x55b65f4c0c40 .part v0x55b65f4bb040_0, 7, 1;
L_0x55b65f4c0240 .part v0x55b65f4bb040_0, 6, 1;
L_0x55b65f4c1540 .part v0x55b65f4bb040_0, 8, 1;
L_0x55b65f4c1da0 .part v0x55b65f4bb040_0, 8, 1;
L_0x55b65f4c21b0 .part v0x55b65f4bb040_0, 9, 1;
L_0x55b65f4c29f0 .part v0x55b65f4bb040_0, 9, 1;
L_0x55b65f4c2a90 .part v0x55b65f4bb040_0, 8, 1;
L_0x55b65f4c3390 .part v0x55b65f4bb040_0, 10, 1;
L_0x55b65f4c3900 .part v0x55b65f4bb040_0, 10, 1;
L_0x55b65f4c3e60 .part v0x55b65f4bb040_0, 11, 1;
L_0x55b65f4c4690 .part v0x55b65f4bb040_0, 11, 1;
L_0x55b65f4c4830 .part v0x55b65f4bb040_0, 10, 1;
LS_0x55b65f4c5580_0_0 .concat8 [ 1 1 1 1], L_0x55b65f4bca70, L_0x55b65f4bd050, L_0x55b65f4bd7c0, L_0x55b65f4bde10;
LS_0x55b65f4c5580_0_4 .concat8 [ 1 1 1 1], L_0x55b65f4bea90, L_0x55b65f4bee80, L_0x55b65f4c00e0, L_0x55b65f4c09e0;
LS_0x55b65f4c5580_0_8 .concat8 [ 1 1 1 1], L_0x55b65f4c1ce0, L_0x55b65f4c2720, L_0x55b65f4c3840, L_0x55b65f4c4360;
LS_0x55b65f4c5580_0_12 .concat8 [ 1 0 0 0], L_0x55b65f4c5bb0;
L_0x55b65f4c5580 .concat8 [ 4 4 4 1], LS_0x55b65f4c5580_0_0, LS_0x55b65f4c5580_0_4, LS_0x55b65f4c5580_0_8, LS_0x55b65f4c5580_0_12;
L_0x55b65f4c5f70 .part v0x55b65f4bbc90_0, 1, 1;
L_0x55b65f4c6060 .part v0x55b65f4bb450_0, 0, 1;
L_0x55b65f4c66b0 .part v0x55b65f4bb450_0, 1, 1;
L_0x55b65f4c67a0 .part v0x55b65f4bb450_0, 0, 1;
L_0x55b65f4c6d00 .part v0x55b65f4bbc90_0, 1, 1;
L_0x55b65f4c7250 .part v0x55b65f4bb450_0, 2, 1;
L_0x55b65f4c7850 .part v0x55b65f4bbc90_0, 1, 1;
L_0x55b65f4c7e00 .part v0x55b65f4bb450_0, 2, 1;
L_0x55b65f4c84d0 .part v0x55b65f4bb450_0, 3, 1;
L_0x55b65f4c8680 .concat8 [ 1 1 1 1], L_0x55b65f4c62e0, L_0x55b65f4c6e60, L_0x55b65f4c79f0, L_0x55b65f4c8df0;
L_0x55b65f4c8970 .part v0x55b65f4bbc90_0, 1, 1;
L_0x55b65f4c8f50 .part v0x55b65f4bb450_0, 0, 1;
L_0x55b65f4c9160 .part v0x55b65f4bbab0_0, 1, 1;
L_0x55b65f4c9200 .part v0x55b65f4bbab0_0, 0, 1;
L_0x55b65f4c9470 .functor MUXZ 1, L_0x55b65f4c9200, L_0x55b65f4c9160, L_0x55b65f4c8f50, C4<>;
L_0x55b65f4c9600 .part v0x55b65f4bb450_0, 0, 1;
L_0x55b65f4c9830 .part v0x55b65f4bbab0_0, 3, 1;
L_0x55b65f4c98d0 .part v0x55b65f4bbab0_0, 2, 1;
L_0x55b65f4c9b10 .functor MUXZ 1, L_0x55b65f4c98d0, L_0x55b65f4c9830, L_0x55b65f4c9600, C4<>;
L_0x55b65f4c9c50 .part v0x55b65f4bb450_0, 1, 1;
L_0x55b65f4c9ea0 .functor MUXZ 1, L_0x55b65f4c9470, L_0x55b65f4c9b10, L_0x55b65f4c9c50, C4<>;
L_0x55b65f4ca030 .part v0x55b65f4bb450_0, 0, 1;
L_0x55b65f4ca290 .part v0x55b65f4bbab0_0, 5, 1;
L_0x55b65f4ca330 .part v0x55b65f4bbab0_0, 4, 1;
L_0x55b65f4ca5a0 .functor MUXZ 1, L_0x55b65f4ca330, L_0x55b65f4ca290, L_0x55b65f4ca030, C4<>;
L_0x55b65f4ca730 .part v0x55b65f4bb450_0, 0, 1;
L_0x55b65f4ca9b0 .part v0x55b65f4bbab0_0, 7, 1;
L_0x55b65f4caa50 .part v0x55b65f4bbab0_0, 6, 1;
L_0x55b65f4cace0 .functor MUXZ 1, L_0x55b65f4caa50, L_0x55b65f4ca9b0, L_0x55b65f4ca730, C4<>;
L_0x55b65f4cae70 .part v0x55b65f4bb450_0, 1, 1;
L_0x55b65f4cb110 .functor MUXZ 1, L_0x55b65f4ca5a0, L_0x55b65f4cace0, L_0x55b65f4cae70, C4<>;
L_0x55b65f4cb2a0 .part v0x55b65f4bb450_0, 2, 1;
L_0x55b65f4cb550 .functor MUXZ 1, L_0x55b65f4c9ea0, L_0x55b65f4cb110, L_0x55b65f4cb2a0, C4<>;
L_0x55b65f4cc9e0 .part v0x55b65f4bbc90_0, 3, 1;
L_0x55b65f4ccd60 .part v0x55b65f4bb040_0, 1, 1;
L_0x55b65f4cce00 .part v0x55b65f4bb040_0, 0, 1;
L_0x55b65f4cd610 .part v0x55b65f4bb040_0, 3, 1;
L_0x55b65f4cd6b0 .part v0x55b65f4bb040_0, 2, 1;
L_0x55b65f4ce380 .part v0x55b65f4bb040_0, 5, 1;
L_0x55b65f4ce420 .part v0x55b65f4bb040_0, 4, 1;
L_0x55b65f4ce820 .part v0x55b65f4bb040_0, 7, 1;
L_0x55b65f4ce8c0 .part v0x55b65f4bb040_0, 6, 1;
L_0x55b65f4cf700 .part v0x55b65f4bb040_0, 9, 1;
L_0x55b65f4cf7a0 .part v0x55b65f4bb040_0, 8, 1;
L_0x55b65f4cff80 .part v0x55b65f4bb040_0, 11, 1;
L_0x55b65f4d0020 .part v0x55b65f4bb040_0, 10, 1;
L_0x55b65f4d0930 .part v0x55b65f4bb040_0, 12, 1;
L_0x55b65f4d10e0 .part v0x55b65f4bb450_0, 1, 1;
L_0x55b65f4d1410 .part v0x55b65f4bb450_0, 0, 1;
L_0x55b65f4d19b0 .part v0x55b65f4bb450_0, 3, 1;
L_0x55b65f4d1cf0 .part v0x55b65f4bb450_0, 2, 1;
L_0x55b65f4d2e40 .part v0x55b65f4bbc90_0, 1, 1;
L_0x55b65f4d2a20 .part v0x55b65f4bbc90_0, 3, 1;
L_0x55b65f4d2d00 .part v0x55b65f4bbc90_0, 2, 1;
L_0x55b65f4d2da0 .part v0x55b65f4bbc90_0, 1, 1;
L_0x55b65f4d3420 .part v0x55b65f4bbc90_0, 0, 1;
L_0x55b65f4d3fc0 .part v0x55b65f4bbc90_0, 3, 1;
L_0x55b65f4d3ec0 .part v0x55b65f4bbc90_0, 1, 1;
L_0x55b65f4d4630 .part v0x55b65f4bbc90_0, 0, 1;
L_0x55b65f4d4790 .part v0x55b65f4bbc90_0, 3, 1;
L_0x55b65f4d4b20 .functor MUXZ 1, L_0x55b65f4d46d0, L_0x55b65f4d0f80, L_0x55b65f4d4790, C4<>;
L_0x55b65f4d4c60 .part v0x55b65f4bbc90_0, 1, 1;
L_0x55b65f4d42c0 .part v0x55b65f4bbc90_0, 0, 1;
L_0x55b65f4d5a30 .part v0x55b65f4bbc90_0, 0, 1;
L_0x55b65f4d5810 .part v0x55b65f4bbc90_0, 1, 1;
L_0x55b65f4d5f10 .part v0x55b65f4bbc90_0, 2, 1;
L_0x55b65f4d64b0 .part v0x55b65f4bbc90_0, 2, 1;
L_0x55b65f4d6790 .part v0x55b65f4bb040_0, 12, 1;
L_0x55b65f4d7210 .part v0x55b65f4bb040_0, 5, 1;
L_0x55b65f4d72b0 .part v0x55b65f4bb040_0, 4, 1;
L_0x55b65f4d7bf0 .part v0x55b65f4bbc90_0, 0, 1;
L_0x55b65f4d7ea0 .part v0x55b65f4bbc90_0, 1, 1;
L_0x55b65f4d8a90 .part v0x55b65f4bbc90_0, 0, 1;
    .scope S_0x55b65f4323a0;
T_0 ;
    %wait E_0x55b65f421ca0;
    %load/vec4 v0x55b65f4bb730_0;
    %flag_set/vec4 8;
    %jmp/0xz  T_0.0, 8;
    %pushi/vec4 1, 0, 1;
    %ix/load 4, 0, 0;
    %ix/load 5, 0, 0;
    %flag_set/imm 4, 0;
    %assign/vec4/off/d v0x55b65f4bbc90_0, 4, 5;
    %jmp T_0.1;
T_0.0 ;
    %load/vec4 v0x55b65f48a250_0;
    %ix/load 4, 0, 0;
    %ix/load 5, 0, 0;
    %flag_set/imm 4, 0;
    %assign/vec4/off/d v0x55b65f4bbc90_0, 4, 5;
T_0.1 ;
    %jmp T_0;
    .thread T_0;
    .scope S_0x55b65f4323a0;
T_1 ;
    %wait E_0x55b65f421ca0;
    %load/vec4 v0x55b65f4bb730_0;
    %flag_set/vec4 8;
    %jmp/0xz  T_1.0, 8;
    %pushi/vec4 0, 0, 1;
    %ix/load 4, 1, 0;
    %ix/load 5, 0, 0;
    %flag_set/imm 4, 0;
    %assign/vec4/off/d v0x55b65f4bbc90_0, 4, 5;
    %jmp T_1.1;
T_1.0 ;
    %load/vec4 v0x55b65f48a2f0_0;
    %ix/load 4, 1, 0;
    %ix/load 5, 0, 0;
    %flag_set/imm 4, 0;
    %assign/vec4/off/d v0x55b65f4bbc90_0, 4, 5;
T_1.1 ;
    %jmp T_1;
    .thread T_1;
    .scope S_0x55b65f4323a0;
T_2 ;
    %wait E_0x55b65f421ca0;
    %load/vec4 v0x55b65f4bb730_0;
    %flag_set/vec4 8;
    %jmp/0xz  T_2.0, 8;
    %pushi/vec4 0, 0, 1;
    %ix/load 4, 2, 0;
    %ix/load 5, 0, 0;
    %flag_set/imm 4, 0;
    %assign/vec4/off/d v0x55b65f4bbc90_0, 4, 5;
    %jmp T_2.1;
T_2.0 ;
    %load/vec4 v0x55b65f48af90_0;
    %ix/load 4, 2, 0;
    %ix/load 5, 0, 0;
    %flag_set/imm 4, 0;
    %assign/vec4/off/d v0x55b65f4bbc90_0, 4, 5;
T_2.1 ;
    %jmp T_2;
    .thread T_2;
    .scope S_0x55b65f4323a0;
T_3 ;
    %wait E_0x55b65f421ca0;
    %load/vec4 v0x55b65f4bb730_0;
    %flag_set/vec4 8;
    %jmp/0xz  T_3.0, 8;
    %pushi/vec4 0, 0, 1;
    %ix/load 4, 3, 0;
    %ix/load 5, 0, 0;
    %flag_set/imm 4, 0;
    %assign/vec4/off/d v0x55b65f4bbc90_0, 4, 5;
    %jmp T_3.1;
T_3.0 ;
    %load/vec4 v0x55b65f48b030_0;
    %ix/load 4, 3, 0;
    %ix/load 5, 0, 0;
    %flag_set/imm 4, 0;
    %assign/vec4/off/d v0x55b65f4bbc90_0, 4, 5;
T_3.1 ;
    %jmp T_3;
    .thread T_3;
    .scope S_0x55b65f4323a0;
T_4 ;
    %wait E_0x55b65f3cc8f0;
    %load/vec4 v0x55b65f4aa720_0;
    %flag_set/vec4 8;
    %jmp/0xz  T_4.0, 8;
    %load/vec4 v0x55b65f4bb630_0;
    %parti/s 1, 0, 2;
    %ix/load 4, 0, 0;
    %ix/load 5, 0, 0;
    %flag_set/imm 4, 0;
    %assign/vec4/off/d v0x55b65f4bbab0_0, 4, 5;
T_4.0 ;
    %jmp T_4;
    .thread T_4;
    .scope S_0x55b65f4323a0;
T_5 ;
    %wait E_0x55b65f3cc8f0;
    %load/vec4 v0x55b65f4aa720_0;
    %flag_set/vec4 8;
    %jmp/0xz  T_5.0, 8;
    %load/vec4 v0x55b65f4bb630_0;
    %parti/s 1, 1, 2;
    %ix/load 4, 1, 0;
    %ix/load 5, 0, 0;
    %flag_set/imm 4, 0;
    %assign/vec4/off/d v0x55b65f4bbab0_0, 4, 5;
T_5.0 ;
    %jmp T_5;
    .thread T_5;
    .scope S_0x55b65f4323a0;
T_6 ;
    %wait E_0x55b65f3cc8f0;
    %load/vec4 v0x55b65f4aa720_0;
    %flag_set/vec4 8;
    %jmp/0xz  T_6.0, 8;
    %load/vec4 v0x55b65f4bb630_0;
    %parti/s 1, 2, 3;
    %ix/load 4, 2, 0;
    %ix/load 5, 0, 0;
    %flag_set/imm 4, 0;
    %assign/vec4/off/d v0x55b65f4bbab0_0, 4, 5;
T_6.0 ;
    %jmp T_6;
    .thread T_6;
    .scope S_0x55b65f4323a0;
T_7 ;
    %wait E_0x55b65f3cc8f0;
    %load/vec4 v0x55b65f4aa720_0;
    %flag_set/vec4 8;
    %jmp/0xz  T_7.0, 8;
    %load/vec4 v0x55b65f4bb630_0;
    %parti/s 1, 3, 3;
    %ix/load 4, 3, 0;
    %ix/load 5, 0, 0;
    %flag_set/imm 4, 0;
    %assign/vec4/off/d v0x55b65f4bbab0_0, 4, 5;
T_7.0 ;
    %jmp T_7;
    .thread T_7;
    .scope S_0x55b65f4323a0;
T_8 ;
    %wait E_0x55b65f3cc8f0;
    %load/vec4 v0x55b65f4aa720_0;
    %flag_set/vec4 8;
    %jmp/0xz  T_8.0, 8;
    %load/vec4 v0x55b65f4bb630_0;
    %parti/s 1, 4, 4;
    %ix/load 4, 4, 0;
    %ix/load 5, 0, 0;
    %flag_set/imm 4, 0;
    %assign/vec4/off/d v0x55b65f4bbab0_0, 4, 5;
T_8.0 ;
    %jmp T_8;
    .thread T_8;
    .scope S_0x55b65f4323a0;
T_9 ;
    %wait E_0x55b65f3cc8f0;
    %load/vec4 v0x55b65f4aa720_0;
    %flag_set/vec4 8;
    %jmp/0xz  T_9.0, 8;
    %load/vec4 v0x55b65f4bb630_0;
    %parti/s 1, 5, 4;
    %ix/load 4, 5, 0;
    %ix/load 5, 0, 0;
    %flag_set/imm 4, 0;
    %assign/vec4/off/d v0x55b65f4bbab0_0, 4, 5;
T_9.0 ;
    %jmp T_9;
    .thread T_9;
    .scope S_0x55b65f4323a0;
T_10 ;
    %wait E_0x55b65f3cc8f0;
    %load/vec4 v0x55b65f4aa720_0;
    %flag_set/vec4 8;
    %jmp/0xz  T_10.0, 8;
    %load/vec4 v0x55b65f4bb630_0;
    %parti/s 1, 6, 4;
    %ix/load 4, 6, 0;
    %ix/load 5, 0, 0;
    %flag_set/imm 4, 0;
    %assign/vec4/off/d v0x55b65f4bbab0_0, 4, 5;
T_10.0 ;
    %jmp T_10;
    .thread T_10;
    .scope S_0x55b65f4323a0;
T_11 ;
    %wait E_0x55b65f3cc8f0;
    %load/vec4 v0x55b65f4aa720_0;
    %flag_set/vec4 8;
    %jmp/0xz  T_11.0, 8;
    %load/vec4 v0x55b65f4bb630_0;
    %parti/s 1, 7, 4;
    %ix/load 4, 7, 0;
    %ix/load 5, 0, 0;
    %flag_set/imm 4, 0;
    %assign/vec4/off/d v0x55b65f4bbab0_0, 4, 5;
T_11.0 ;
    %jmp T_11;
    .thread T_11;
    .scope S_0x55b65f4323a0;
T_12 ;
    %wait E_0x55b65f421ca0;
    %load/vec4 v0x55b65f4bb730_0;
    %flag_set/vec4 8;
    %jmp/0xz  T_12.0, 8;
    %pushi/vec4 0, 0, 1;
    %assign/vec4 v0x55b65f4bb9d0_0, 0;
    %jmp T_12.1;
T_12.0 ;
    %load/vec4 v0x55b65f4aaa20_0;
    %flag_set/vec4 8;
    %jmp/0xz  T_12.2, 8;
    %load/vec4 v0x55b65f4895b0_0;
    %assign/vec4 v0x55b65f4bb9d0_0, 0;
T_12.2 ;
T_12.1 ;
    %jmp T_12;
    .thread T_12;
    .scope S_0x55b65f4323a0;
T_13 ;
    %wait E_0x55b65f421ca0;
    %load/vec4 v0x55b65f4bb730_0;
    %flag_set/vec4 8;
    %jmp/0xz  T_13.0, 8;
    %pushi/vec4 0, 0, 1;
    %assign/vec4 v0x55b65f4bbbb0_0, 0;
    %jmp T_13.1;
T_13.0 ;
    %load/vec4 v0x55b65f4aaa20_0;
    %flag_set/vec4 8;
    %jmp/0xz  T_13.2, 8;
    %load/vec4 v0x55b65f4bbc90_0;
    %parti/s 1, 3, 3;
    %assign/vec4 v0x55b65f4bbbb0_0, 0;
T_13.2 ;
T_13.1 ;
    %jmp T_13;
    .thread T_13;
    .scope S_0x55b65f4323a0;
T_14 ;
    %wait E_0x55b65f3cc8f0;
    %load/vec4 v0x55b65f4aa960_0;
    %flag_set/vec4 8;
    %jmp/0xz  T_14.0, 8;
    %load/vec4 v0x55b65f4af900_0;
    %assign/vec4 v0x55b65f4bb8f0_0, 0;
T_14.0 ;
    %jmp T_14;
    .thread T_14;
    .scope S_0x55b65f4323a0;
T_15 ;
    %wait E_0x55b65f421ca0;
    %load/vec4 v0x55b65f4bb730_0;
    %flag_set/vec4 8;
    %jmp/0xz  T_15.0, 8;
    %pushi/vec4 0, 0, 1;
    %ix/load 4, 0, 0;
    %ix/load 5, 0, 0;
    %flag_set/imm 4, 0;
    %assign/vec4/off/d v0x55b65f4bb450_0, 4, 5;
    %jmp T_15.1;
T_15.0 ;
    %load/vec4 v0x55b65f4aa8a0_0;
    %flag_set/vec4 8;
    %jmp/0xz  T_15.2, 8;
    %load/vec4 v0x55b65f489510_0;
    %parti/s 1, 0, 2;
    %ix/load 4, 0, 0;
    %ix/load 5, 0, 0;
    %flag_set/imm 4, 0;
    %assign/vec4/off/d v0x55b65f4bb450_0, 4, 5;
T_15.2 ;
T_15.1 ;
    %jmp T_15;
    .thread T_15;
    .scope S_0x55b65f4323a0;
T_16 ;
    %wait E_0x55b65f421ca0;
    %load/vec4 v0x55b65f4bb730_0;
    %flag_set/vec4 8;
    %jmp/0xz  T_16.0, 8;
    %pushi/vec4 0, 0, 1;
    %ix/load 4, 1, 0;
    %ix/load 5, 0, 0;
    %flag_set/imm 4, 0;
    %assign/vec4/off/d v0x55b65f4bb450_0, 4, 5;
    %jmp T_16.1;
T_16.0 ;
    %load/vec4 v0x55b65f4aa8a0_0;
    %flag_set/vec4 8;
    %jmp/0xz  T_16.2, 8;
    %load/vec4 v0x55b65f489510_0;
    %parti/s 1, 1, 2;
    %ix/load 4, 1, 0;
    %ix/load 5, 0, 0;
    %flag_set/imm 4, 0;
    %assign/vec4/off/d v0x55b65f4bb450_0, 4, 5;
T_16.2 ;
T_16.1 ;
    %jmp T_16;
    .thread T_16;
    .scope S_0x55b65f4323a0;
T_17 ;
    %wait E_0x55b65f421ca0;
    %load/vec4 v0x55b65f4bb730_0;
    %flag_set/vec4 8;
    %jmp/0xz  T_17.0, 8;
    %pushi/vec4 0, 0, 1;
    %ix/load 4, 2, 0;
    %ix/load 5, 0, 0;
    %flag_set/imm 4, 0;
    %assign/vec4/off/d v0x55b65f4bb450_0, 4, 5;
    %jmp T_17.1;
T_17.0 ;
    %load/vec4 v0x55b65f4aa8a0_0;
    %flag_set/vec4 8;
    %jmp/0xz  T_17.2, 8;
    %load/vec4 v0x55b65f489510_0;
    %parti/s 1, 2, 3;
    %ix/load 4, 2, 0;
    %ix/load 5, 0, 0;
    %flag_set/imm 4, 0;
    %assign/vec4/off/d v0x55b65f4bb450_0, 4, 5;
T_17.2 ;
T_17.1 ;
    %jmp T_17;
    .thread T_17;
    .scope S_0x55b65f4323a0;
T_18 ;
    %wait E_0x55b65f421ca0;
    %load/vec4 v0x55b65f4bb730_0;
    %flag_set/vec4 8;
    %jmp/0xz  T_18.0, 8;
    %pushi/vec4 0, 0, 1;
    %ix/load 4, 3, 0;
    %ix/load 5, 0, 0;
    %flag_set/imm 4, 0;
    %assign/vec4/off/d v0x55b65f4bb450_0, 4, 5;
    %jmp T_18.1;
T_18.0 ;
    %load/vec4 v0x55b65f4aa8a0_0;
    %flag_set/vec4 8;
    %jmp/0xz  T_18.2, 8;
    %load/vec4 v0x55b65f489510_0;
    %parti/s 1, 3, 3;
    %ix/load 4, 3, 0;
    %ix/load 5, 0, 0;
    %flag_set/imm 4, 0;
    %assign/vec4/off/d v0x55b65f4bb450_0, 4, 5;
T_18.2 ;
T_18.1 ;
    %jmp T_18;
    .thread T_18;
    .scope S_0x55b65f4323a0;
T_19 ;
    %wait E_0x55b65f421ca0;
    %load/vec4 v0x55b65f4bb730_0;
    %flag_set/vec4 8;
    %jmp/0xz  T_19.0, 8;
    %pushi/vec4 0, 0, 1;
    %ix/load 4, 0, 0;
    %ix/load 5, 0, 0;
    %flag_set/imm 4, 0;
    %assign/vec4/off/d v0x55b65f4bb040_0, 4, 5;
    %jmp T_19.1;
T_19.0 ;
    %load/vec4 v0x55b65f4aa7e0_0;
    %flag_set/vec4 8;
    %jmp/0xz  T_19.2, 8;
    %load/vec4 v0x55b65f488870_0;
    %parti/s 1, 0, 2;
    %ix/load 4, 0, 0;
    %ix/load 5, 0, 0;
    %flag_set/imm 4, 0;
    %assign/vec4/off/d v0x55b65f4bb040_0, 4, 5;
T_19.2 ;
T_19.1 ;
    %jmp T_19;
    .thread T_19;
    .scope S_0x55b65f4323a0;
T_20 ;
    %wait E_0x55b65f421ca0;
    %load/vec4 v0x55b65f4bb730_0;
    %flag_set/vec4 8;
    %jmp/0xz  T_20.0, 8;
    %pushi/vec4 0, 0, 1;
    %ix/load 4, 1, 0;
    %ix/load 5, 0, 0;
    %flag_set/imm 4, 0;
    %assign/vec4/off/d v0x55b65f4bb040_0, 4, 5;
    %jmp T_20.1;
T_20.0 ;
    %load/vec4 v0x55b65f4aa7e0_0;
    %flag_set/vec4 8;
    %jmp/0xz  T_20.2, 8;
    %load/vec4 v0x55b65f488870_0;
    %parti/s 1, 1, 2;
    %ix/load 4, 1, 0;
    %ix/load 5, 0, 0;
    %flag_set/imm 4, 0;
    %assign/vec4/off/d v0x55b65f4bb040_0, 4, 5;
T_20.2 ;
T_20.1 ;
    %jmp T_20;
    .thread T_20;
    .scope S_0x55b65f4323a0;
T_21 ;
    %wait E_0x55b65f421ca0;
    %load/vec4 v0x55b65f4bb730_0;
    %flag_set/vec4 8;
    %jmp/0xz  T_21.0, 8;
    %pushi/vec4 0, 0, 1;
    %ix/load 4, 2, 0;
    %ix/load 5, 0, 0;
    %flag_set/imm 4, 0;
    %assign/vec4/off/d v0x55b65f4bb040_0, 4, 5;
    %jmp T_21.1;
T_21.0 ;
    %load/vec4 v0x55b65f4aa7e0_0;
    %flag_set/vec4 8;
    %jmp/0xz  T_21.2, 8;
    %load/vec4 v0x55b65f488870_0;
    %parti/s 1, 2, 3;
    %ix/load 4, 2, 0;
    %ix/load 5, 0, 0;
    %flag_set/imm 4, 0;
    %assign/vec4/off/d v0x55b65f4bb040_0, 4, 5;
T_21.2 ;
T_21.1 ;
    %jmp T_21;
    .thread T_21;
    .scope S_0x55b65f4323a0;
T_22 ;
    %wait E_0x55b65f421ca0;
    %load/vec4 v0x55b65f4bb730_0;
    %flag_set/vec4 8;
    %jmp/0xz  T_22.0, 8;
    %pushi/vec4 0, 0, 1;
    %ix/load 4, 3, 0;
    %ix/load 5, 0, 0;
    %flag_set/imm 4, 0;
    %assign/vec4/off/d v0x55b65f4bb040_0, 4, 5;
    %jmp T_22.1;
T_22.0 ;
    %load/vec4 v0x55b65f4aa7e0_0;
    %flag_set/vec4 8;
    %jmp/0xz  T_22.2, 8;
    %load/vec4 v0x55b65f488870_0;
    %parti/s 1, 3, 3;
    %ix/load 4, 3, 0;
    %ix/load 5, 0, 0;
    %flag_set/imm 4, 0;
    %assign/vec4/off/d v0x55b65f4bb040_0, 4, 5;
T_22.2 ;
T_22.1 ;
    %jmp T_22;
    .thread T_22;
    .scope S_0x55b65f4323a0;
T_23 ;
    %wait E_0x55b65f421ca0;
    %load/vec4 v0x55b65f4bb730_0;
    %flag_set/vec4 8;
    %jmp/0xz  T_23.0, 8;
    %pushi/vec4 0, 0, 1;
    %ix/load 4, 4, 0;
    %ix/load 5, 0, 0;
    %flag_set/imm 4, 0;
    %assign/vec4/off/d v0x55b65f4bb040_0, 4, 5;
    %jmp T_23.1;
T_23.0 ;
    %load/vec4 v0x55b65f4aa7e0_0;
    %flag_set/vec4 8;
    %jmp/0xz  T_23.2, 8;
    %load/vec4 v0x55b65f488870_0;
    %parti/s 1, 4, 4;
    %ix/load 4, 4, 0;
    %ix/load 5, 0, 0;
    %flag_set/imm 4, 0;
    %assign/vec4/off/d v0x55b65f4bb040_0, 4, 5;
T_23.2 ;
T_23.1 ;
    %jmp T_23;
    .thread T_23;
    .scope S_0x55b65f4323a0;
T_24 ;
    %wait E_0x55b65f421ca0;
    %load/vec4 v0x55b65f4bb730_0;
    %flag_set/vec4 8;
    %jmp/0xz  T_24.0, 8;
    %pushi/vec4 0, 0, 1;
    %ix/load 4, 5, 0;
    %ix/load 5, 0, 0;
    %flag_set/imm 4, 0;
    %assign/vec4/off/d v0x55b65f4bb040_0, 4, 5;
    %jmp T_24.1;
T_24.0 ;
    %load/vec4 v0x55b65f4aa7e0_0;
    %flag_set/vec4 8;
    %jmp/0xz  T_24.2, 8;
    %load/vec4 v0x55b65f488870_0;
    %parti/s 1, 5, 4;
    %ix/load 4, 5, 0;
    %ix/load 5, 0, 0;
    %flag_set/imm 4, 0;
    %assign/vec4/off/d v0x55b65f4bb040_0, 4, 5;
T_24.2 ;
T_24.1 ;
    %jmp T_24;
    .thread T_24;
    .scope S_0x55b65f4323a0;
T_25 ;
    %wait E_0x55b65f421ca0;
    %load/vec4 v0x55b65f4bb730_0;
    %flag_set/vec4 8;
    %jmp/0xz  T_25.0, 8;
    %pushi/vec4 0, 0, 1;
    %ix/load 4, 6, 0;
    %ix/load 5, 0, 0;
    %flag_set/imm 4, 0;
    %assign/vec4/off/d v0x55b65f4bb040_0, 4, 5;
    %jmp T_25.1;
T_25.0 ;
    %load/vec4 v0x55b65f4aa7e0_0;
    %flag_set/vec4 8;
    %jmp/0xz  T_25.2, 8;
    %load/vec4 v0x55b65f488870_0;
    %parti/s 1, 6, 4;
    %ix/load 4, 6, 0;
    %ix/load 5, 0, 0;
    %flag_set/imm 4, 0;
    %assign/vec4/off/d v0x55b65f4bb040_0, 4, 5;
T_25.2 ;
T_25.1 ;
    %jmp T_25;
    .thread T_25;
    .scope S_0x55b65f4323a0;
T_26 ;
    %wait E_0x55b65f421ca0;
    %load/vec4 v0x55b65f4bb730_0;
    %flag_set/vec4 8;
    %jmp/0xz  T_26.0, 8;
    %pushi/vec4 0, 0, 1;
    %ix/load 4, 7, 0;
    %ix/load 5, 0, 0;
    %flag_set/imm 4, 0;
    %assign/vec4/off/d v0x55b65f4bb040_0, 4, 5;
    %jmp T_26.1;
T_26.0 ;
    %load/vec4 v0x55b65f4aa7e0_0;
    %flag_set/vec4 8;
    %jmp/0xz  T_26.2, 8;
    %load/vec4 v0x55b65f488870_0;
    %parti/s 1, 7, 4;
    %ix/load 4, 7, 0;
    %ix/load 5, 0, 0;
    %flag_set/imm 4, 0;
    %assign/vec4/off/d v0x55b65f4bb040_0, 4, 5;
T_26.2 ;
T_26.1 ;
    %jmp T_26;
    .thread T_26;
    .scope S_0x55b65f4323a0;
T_27 ;
    %wait E_0x55b65f421ca0;
    %load/vec4 v0x55b65f4bb730_0;
    %flag_set/vec4 8;
    %jmp/0xz  T_27.0, 8;
    %pushi/vec4 0, 0, 1;
    %ix/load 4, 8, 0;
    %ix/load 5, 0, 0;
    %flag_set/imm 4, 0;
    %assign/vec4/off/d v0x55b65f4bb040_0, 4, 5;
    %jmp T_27.1;
T_27.0 ;
    %load/vec4 v0x55b65f4aa7e0_0;
    %flag_set/vec4 8;
    %jmp/0xz  T_27.2, 8;
    %load/vec4 v0x55b65f488870_0;
    %parti/s 1, 8, 5;
    %ix/load 4, 8, 0;
    %ix/load 5, 0, 0;
    %flag_set/imm 4, 0;
    %assign/vec4/off/d v0x55b65f4bb040_0, 4, 5;
T_27.2 ;
T_27.1 ;
    %jmp T_27;
    .thread T_27;
    .scope S_0x55b65f4323a0;
T_28 ;
    %wait E_0x55b65f421ca0;
    %load/vec4 v0x55b65f4bb730_0;
    %flag_set/vec4 8;
    %jmp/0xz  T_28.0, 8;
    %pushi/vec4 0, 0, 1;
    %ix/load 4, 9, 0;
    %ix/load 5, 0, 0;
    %flag_set/imm 4, 0;
    %assign/vec4/off/d v0x55b65f4bb040_0, 4, 5;
    %jmp T_28.1;
T_28.0 ;
    %load/vec4 v0x55b65f4aa7e0_0;
    %flag_set/vec4 8;
    %jmp/0xz  T_28.2, 8;
    %load/vec4 v0x55b65f488870_0;
    %parti/s 1, 9, 5;
    %ix/load 4, 9, 0;
    %ix/load 5, 0, 0;
    %flag_set/imm 4, 0;
    %assign/vec4/off/d v0x55b65f4bb040_0, 4, 5;
T_28.2 ;
T_28.1 ;
    %jmp T_28;
    .thread T_28;
    .scope S_0x55b65f4323a0;
T_29 ;
    %wait E_0x55b65f421ca0;
    %load/vec4 v0x55b65f4bb730_0;
    %flag_set/vec4 8;
    %jmp/0xz  T_29.0, 8;
    %pushi/vec4 0, 0, 1;
    %ix/load 4, 10, 0;
    %ix/load 5, 0, 0;
    %flag_set/imm 4, 0;
    %assign/vec4/off/d v0x55b65f4bb040_0, 4, 5;
    %jmp T_29.1;
T_29.0 ;
    %load/vec4 v0x55b65f4aa7e0_0;
    %flag_set/vec4 8;
    %jmp/0xz  T_29.2, 8;
    %load/vec4 v0x55b65f488870_0;
    %parti/s 1, 10, 5;
    %ix/load 4, 10, 0;
    %ix/load 5, 0, 0;
    %flag_set/imm 4, 0;
    %assign/vec4/off/d v0x55b65f4bb040_0, 4, 5;
T_29.2 ;
T_29.1 ;
    %jmp T_29;
    .thread T_29;
    .scope S_0x55b65f4323a0;
T_30 ;
    %wait E_0x55b65f421ca0;
    %load/vec4 v0x55b65f4bb730_0;
    %flag_set/vec4 8;
    %jmp/0xz  T_30.0, 8;
    %pushi/vec4 0, 0, 1;
    %ix/load 4, 11, 0;
    %ix/load 5, 0, 0;
    %flag_set/imm 4, 0;
    %assign/vec4/off/d v0x55b65f4bb040_0, 4, 5;
    %jmp T_30.1;
T_30.0 ;
    %load/vec4 v0x55b65f4aa7e0_0;
    %flag_set/vec4 8;
    %jmp/0xz  T_30.2, 8;
    %load/vec4 v0x55b65f488870_0;
    %parti/s 1, 11, 5;
    %ix/load 4, 11, 0;
    %ix/load 5, 0, 0;
    %flag_set/imm 4, 0;
    %assign/vec4/off/d v0x55b65f4bb040_0, 4, 5;
T_30.2 ;
T_30.1 ;
    %jmp T_30;
    .thread T_30;
    .scope S_0x55b65f4323a0;
T_31 ;
    %wait E_0x55b65f421ca0;
    %load/vec4 v0x55b65f4bb730_0;
    %flag_set/vec4 8;
    %jmp/0xz  T_31.0, 8;
    %pushi/vec4 0, 0, 1;
    %ix/load 4, 12, 0;
    %ix/load 5, 0, 0;
    %flag_set/imm 4, 0;
    %assign/vec4/off/d v0x55b65f4bb040_0, 4, 5;
    %jmp T_31.1;
T_31.0 ;
    %load/vec4 v0x55b65f4aa7e0_0;
    %flag_set/vec4 8;
    %jmp/0xz  T_31.2, 8;
    %load/vec4 v0x55b65f488870_0;
    %parti/s 1, 12, 5;
    %ix/load 4, 12, 0;
    %ix/load 5, 0, 0;
    %flag_set/imm 4, 0;
    %assign/vec4/off/d v0x55b65f4bb040_0, 4, 5;
T_31.2 ;
T_31.1 ;
    %jmp T_31;
    .thread T_31;
    .scope S_0x55b65f48d260;
T_32 ;
    %pushi/vec4 0, 0, 1;
    %store/vec4 v0x55b65f4bbe70_0, 0, 1;
    %pushi/vec4 1, 0, 1;
    %store/vec4 v0x55b65f4bbfd0_0, 0, 1;
    %pushi/vec4 0, 0, 1;
    %store/vec4 v0x55b65f4bc070_0, 0, 1;
    %pushi/vec4 0, 0, 8;
    %store/vec4 v0x55b65f4bbf30_0, 0, 8;
    %delay 10, 0;
    %pushi/vec4 0, 0, 1;
    %store/vec4 v0x55b65f4bbfd0_0, 0, 1;
    %delay 10, 0;
    %pushi/vec4 1, 0, 1;
    %store/vec4 v0x55b65f4bc070_0, 0, 1;
    %pushi/vec4 255, 0, 8;
    %store/vec4 v0x55b65f4bbf30_0, 0, 8;
    %delay 100, 0;
    %pushi/vec4 0, 0, 1;
    %store/vec4 v0x55b65f4bc070_0, 0, 1;
    %delay 100, 0;
    %vpi_call 2 29 "$finish" {0 0 0};
    %end;
    .thread T_32;
    .scope S_0x55b65f48d260;
T_33 ;
    %delay 5, 0;
    %load/vec4 v0x55b65f4bbe70_0;
    %inv;
    %store/vec4 v0x55b65f4bbe70_0, 0, 1;
    %jmp T_33;
    .thread T_33;
    .scope S_0x55b65f48d260;
T_34 ;
    %vpi_call 2 34 "$dumpfile", "dumpfile.vcd" {0 0 0};
    %vpi_call 2 35 "$dumpvars" {0 0 0};
    %end;
    .thread T_34;
# The file index is used to find the file name in the following table.
:file_names 4;
    "N/A";
    "<interactive>";
    "testbench";
    "uart_tx_netlist.v";
